#
# There is insufficient memory for the Java Runtime Environment to continue.
# Native memory allocation (malloc) failed to allocate 87031808 bytes for committing reserved memory.
# Possible reasons:
#   The system is out of physical RAM or swap space
#   In 32 bit mode, the process size limit was hit
# Possible solutions:
#   Reduce memory load on the system
#   Increase physical memory or swap space
#   Check if swap backing store is full
#   Use 64 bit Java on a 64 bit OS
#   Decrease Java heap size (-Xmx/-Xms)
#   Decrease number of Java threads
#   Decrease Java thread stack sizes (-Xss)
#   Set larger code cache with -XX:ReservedCodeCacheSize=
# This output file may be truncated or incomplete.
#
#  Out of Memory Error (os_linux.cpp:2756), pid=10406, tid=139949442459392
#
# JRE version: Java(TM) SE Runtime Environment (7.0_79-b15) (build 1.7.0_79-b15)
# Java VM: Java HotSpot(TM) 64-Bit Server VM (24.79-b02 mixed mode linux-amd64 compressed oops)
# Failed to write core dump. Core dumps have been disabled. To enable core dumping, try "ulimit -c unlimited" before starting Java again
#

---------------  T H R E A D  ---------------

Current thread (0x00007f4880065800):  VMThread [stack: 0x00007f4884bde000,0x00007f4884cdf000] [id=10413]

Stack: [0x00007f4884bde000,0x00007f4884cdf000],  sp=0x00007f4884cdd110,  free space=1020k
Native frames: (J=compiled Java code, j=interpreted, Vv=VM code, C=native code)
V  [libjvm.so+0x9a32da]  VMError::report_and_die()+0x2ea
V  [libjvm.so+0x497f7b]  report_vm_out_of_memory(char const*, int, unsigned long, char const*)+0x9b
V  [libjvm.so+0x81fcce]  os::Linux::commit_memory_impl(char*, unsigned long, bool)+0xfe
V  [libjvm.so+0x820219]  os::pd_commit_memory(char*, unsigned long, unsigned long, bool)+0x29
V  [libjvm.so+0x819faa]  os::commit_memory(char*, unsigned long, unsigned long, bool)+0x2a
V  [libjvm.so+0x88d863]  PSVirtualSpace::expand_by(unsigned long)+0x53
V  [libjvm.so+0x88ec38]  PSYoungGen::resize_generation(unsigned long, unsigned long)+0xf8
V  [libjvm.so+0x88dda2]  PSYoungGen::resize(unsigned long, unsigned long)+0x22
V  [libjvm.so+0x88b15d]  PSScavenge::invoke_no_policy()+0xf3d
V  [libjvm.so+0x88b9a1]  PSScavenge::invoke()+0x41
V  [libjvm.so+0x842320]  ParallelScavengeHeap::failed_mem_allocate(unsigned long)+0x70
V  [libjvm.so+0x9a4b67]  VM_ParallelGCFailedAllocation::doit()+0x97
V  [libjvm.so+0x9ac005]  VM_Operation::evaluate()+0x55
V  [libjvm.so+0x9aa3ca]  VMThread::evaluate_operation(VM_Operation*)+0xba
V  [libjvm.so+0x9aa74e]  VMThread::loop()+0x1ce
V  [libjvm.so+0x9aabc0]  VMThread::run()+0x70
V  [libjvm.so+0x821ca8]  java_start(Thread*)+0x108

VM_Operation (0x00007f487a33fc30): ParallelGCFailedAllocation, mode: safepoint, requested by thread 0x00007f4880168800


---------------  P R O C E S S  ---------------

Java Threads: ( => current thread )
  0x00007f488016a000 JavaThread "pool-1-thread-4" [_thread_blocked, id=10425, stack(0x00007f487a140000,0x00007f487a241000)]
  0x00007f4880168800 JavaThread "pool-1-thread-3" [_thread_blocked, id=10424, stack(0x00007f487a241000,0x00007f487a342000)]
  0x00007f4880166800 JavaThread "pool-1-thread-2" [_thread_blocked, id=10423, stack(0x00007f487a342000,0x00007f487a443000)]
  0x00007f4880162000 JavaThread "pool-2-thread-1" [_thread_blocked, id=10422, stack(0x00007f487a443000,0x00007f487a544000)]
  0x00007f4880160800 JavaThread "pool-1-thread-1" [_thread_blocked, id=10421, stack(0x00007f487a544000,0x00007f487a645000)]
  0x00007f4880094800 JavaThread "Service Thread" daemon [_thread_blocked, id=10419, stack(0x00007f487ab6e000,0x00007f487ac6f000)]
  0x00007f4880092000 JavaThread "C2 CompilerThread1" daemon [_thread_blocked, id=10418, stack(0x00007f487ac6f000,0x00007f487ad70000)]
  0x00007f488008f000 JavaThread "C2 CompilerThread0" daemon [_thread_blocked, id=10417, stack(0x00007f48840f1000,0x00007f48841f2000)]
  0x00007f488008d000 JavaThread "Signal Dispatcher" daemon [_thread_blocked, id=10416, stack(0x00007f48841f2000,0x00007f48842f3000)]
  0x00007f488006c000 JavaThread "Finalizer" daemon [_thread_blocked, id=10415, stack(0x00007f48849dc000,0x00007f4884add000)]
  0x00007f488006a000 JavaThread "Reference Handler" daemon [_thread_blocked, id=10414, stack(0x00007f4884add000,0x00007f4884bde000)]
  0x00007f488000a000 JavaThread "main" [_thread_blocked, id=10409, stack(0x00007f4888e24000,0x00007f4888f25000)]

Other Threads:
=>0x00007f4880065800 VMThread [stack: 0x00007f4884bde000,0x00007f4884cdf000] [id=10413]
  0x00007f488009f000 WatcherThread [stack: 0x00007f487aa6d000,0x00007f487ab6e000] [id=10420]

VM state:at safepoint (normal execution)

VM Mutex/Monitor currently owned by a thread:  ([mutex/lock_event])
[0x00007f48800066b0] Threads_lock - owner thread: 0x00007f4880065800
[0x00007f4880006bb0] Heap_lock - owner thread: 0x00007f4880168800

Heap
 PSYoungGen      total 66048K, used 2549K [0x00000000eaa80000, 0x00000000eed80000, 0x0000000100000000)
  eden space 63488K, 0% used [0x00000000eaa80000,0x00000000eaa80000,0x00000000ee880000)
  from space 2560K, 99% used [0x00000000ee880000,0x00000000eeafd578,0x00000000eeb00000)
  to   space 2560K, 0% used [0x00000000eeb00000,0x00000000eeb00000,0x00000000eed80000)
 ParOldGen       total 41472K, used 22937K [0x00000000c0000000, 0x00000000c2880000, 0x00000000eaa80000)
  object space 41472K, 55% used [0x00000000c0000000,0x00000000c1666690,0x00000000c2880000)
 PSPermGen       total 21504K, used 5881K [0x00000000bae00000, 0x00000000bc300000, 0x00000000c0000000)
  object space 21504K, 27% used [0x00000000bae00000,0x00000000bb3be4d8,0x00000000bc300000)

Card table byte_map: [0x00007f4885ef9000,0x00007f4886123000] byte_map_base: 0x00007f4885922000

Polling page: 0x00007f4888f46000

Code Cache  [0x00007f487d000000, 0x00007f487d270000, 0x00007f4880000000)
 total_blobs=479 nmethods=251 adapters=182 free_code_cache=48157Kb largest_free_block=49261120

Compilation events (10 events):
Event: 8,671 Thread 0x00007f488008f000 nmethod 246 0x00007f487d0ec990 code [0x00007f487d0ecc80, 0x00007f487d0ee280]
Event: 8,671 Thread 0x00007f488008f000  247             com.android.dx.rop.code.Rop::isCallLike (5 bytes)
Event: 8,672 Thread 0x00007f488008f000 nmethod 247 0x00007f487d0debd0 code [0x00007f487d0ded00, 0x00007f487d0ded58]
Event: 8,672 Thread 0x00007f488008f000  248             com.android.dx.ssa.SsaMethod$2::addToUses (48 bytes)
Event: 8,796 Thread 0x00007f488008f000 nmethod 248 0x00007f487d0e06d0 code [0x00007f487d0e08c0, 0x00007f487d0e1138]
Event: 8,796 Thread 0x00007f488008f000  249             com.android.dx.ssa.back.IdenticalBlockCombiner::process (323 bytes)
Event: 52,537 Thread 0x00007f4880092000 nmethod 223 0x00007f487d0f5250 code [0x00007f487d0f58e0, 0x00007f487d0f97e8]
Event: 85,307 Thread 0x00007f488008f000 nmethod 249 0x00007f487d0fe950 code [0x00007f487d0fecc0, 0x00007f487d100f30]
Event: 98,737 Thread 0x00007f488008f000  250             com.android.dx.ssa.SCCP::run (298 bytes)
Event: 98,737 Thread 0x00007f4880092000  251             com.android.dx.ssa.SCCP::simulateBlock (54 bytes)

GC Heap History (9 events):
Event: 1,966 GC heap before
{Heap before GC invocations=1 (full 0):
 PSYoungGen      total 18432K, used 15872K [0x00000000eaa80000, 0x00000000ebf00000, 0x0000000100000000)
  eden space 15872K, 100% used [0x00000000eaa80000,0x00000000eba00000,0x00000000eba00000)
  from space 2560K, 0% used [0x00000000ebc80000,0x00000000ebc80000,0x00000000ebf00000)
  to   space 2560K, 0% used [0x00000000eba00000,0x00000000eba00000,0x00000000ebc80000)
 ParOldGen       total 41472K, used 0K [0x00000000c0000000, 0x00000000c2880000, 0x00000000eaa80000)
  object space 41472K, 0% used [0x00000000c0000000,0x00000000c0000000,0x00000000c2880000)
 PSPermGen       total 21504K, used 5434K [0x00000000bae00000, 0x00000000bc300000, 0x00000000c0000000)
  object space 21504K, 25% used [0x00000000bae00000,0x00000000bb34e8b8,0x00000000bc300000)
Event: 1,992 GC heap after
Heap after GC invocations=1 (full 0):
 PSYoungGen      total 18432K, used 2545K [0x00000000eaa80000, 0x00000000ece80000, 0x0000000100000000)
  eden space 15872K, 0% used [0x00000000eaa80000,0x00000000eaa80000,0x00000000eba00000)
  from space 2560K, 99% used [0x00000000eba00000,0x00000000ebc7c4b0,0x00000000ebc80000)
  to   space 2560K, 0% used [0x00000000ecc00000,0x00000000ecc00000,0x00000000ece80000)
 ParOldGen       total 41472K, used 814K [0x00000000c0000000, 0x00000000c2880000, 0x00000000eaa80000)
  object space 41472K, 1% used [0x00000000c0000000,0x00000000c00cbba0,0x00000000c2880000)
 PSPermGen       total 21504K, used 5434K [0x00000000bae00000, 0x00000000bc300000, 0x00000000c0000000)
  object space 21504K, 25% used [0x00000000bae00000,0x00000000bb34e8b8,0x00000000bc300000)
}
Event: 3,420 GC heap before
{Heap before GC invocations=2 (full 0):
 PSYoungGen      total 18432K, used 18417K [0x00000000eaa80000, 0x00000000ece80000, 0x0000000100000000)
  eden space 15872K, 100% used [0x00000000eaa80000,0x00000000eba00000,0x00000000eba00000)
  from space 2560K, 99% used [0x00000000eba00000,0x00000000ebc7c4b0,0x00000000ebc80000)
  to   space 2560K, 0% used [0x00000000ecc00000,0x00000000ecc00000,0x00000000ece80000)
 ParOldGen       total 41472K, used 814K [0x00000000c0000000, 0x00000000c2880000, 0x00000000eaa80000)
  object space 41472K, 1% used [0x00000000c0000000,0x00000000c00cbba0,0x00000000c2880000)
 PSPermGen       total 21504K, used 5667K [0x00000000bae00000, 0x00000000bc300000, 0x00000000c0000000)
  object space 21504K, 26% used [0x00000000bae00000,0x00000000bb388f28,0x00000000bc300000)
Event: 3,465 GC heap after
Heap after GC invocations=2 (full 0):
 PSYoungGen      total 34304K, used 2552K [0x00000000eaa80000, 0x00000000ece80000, 0x0000000100000000)
  eden space 31744K, 0% used [0x00000000eaa80000,0x00000000eaa80000,0x00000000ec980000)
  from space 2560K, 99% used [0x00000000ecc00000,0x00000000ece7e258,0x00000000ece80000)
  to   space 2560K, 0% used [0x00000000ec980000,0x00000000ec980000,0x00000000ecc00000)
 ParOldGen       total 41472K, used 2803K [0x00000000c0000000, 0x00000000c2880000, 0x00000000eaa80000)
  object space 41472K, 6% used [0x00000000c0000000,0x00000000c02bcff8,0x00000000c2880000)
 PSPermGen       total 21504K, used 5667K [0x00000000bae00000, 0x00000000bc300000, 0x00000000c0000000)
  object space 21504K, 26% used [0x00000000bae00000,0x00000000bb388f28,0x00000000bc300000)
}
Event: 6,214 GC heap before
{Heap before GC invocations=3 (full 0):
 PSYoungGen      total 34304K, used 34296K [0x00000000eaa80000, 0x00000000ece80000, 0x0000000100000000)
  eden space 31744K, 100% used [0x00000000eaa80000,0x00000000ec980000,0x00000000ec980000)
  from space 2560K, 99% used [0x00000000ecc00000,0x00000000ece7e258,0x00000000ece80000)
  to   space 2560K, 0% used [0x00000000ec980000,0x00000000ec980000,0x00000000ecc00000)
 ParOldGen       total 41472K, used 2803K [0x00000000c0000000, 0x00000000c2880000, 0x00000000eaa80000)
  object space 41472K, 6% used [0x00000000c0000000,0x00000000c02bcff8,0x00000000c2880000)
 PSPermGen       total 21504K, used 5808K [0x00000000bae00000, 0x00000000bc300000, 0x00000000c0000000)
  object space 21504K, 27% used [0x00000000bae00000,0x00000000bb3ac198,0x00000000bc300000)
Event: 6,305 GC heap after
Heap after GC invocations=3 (full 0):
 PSYoungGen      total 34304K, used 2537K [0x00000000eaa80000, 0x00000000eed80000, 0x0000000100000000)
  eden space 31744K, 0% used [0x00000000eaa80000,0x00000000eaa80000,0x00000000ec980000)
  from space 2560K, 99% used [0x00000000ec980000,0x00000000ecbfa430,0x00000000ecc00000)
  to   space 2560K, 0% used [0x00000000eeb00000,0x00000000eeb00000,0x00000000eed80000)
 ParOldGen       total 41472K, used 7857K [0x00000000c0000000, 0x00000000c2880000, 0x00000000eaa80000)
  object space 41472K, 18% used [0x00000000c0000000,0x00000000c07ac4a0,0x00000000c2880000)
 PSPermGen       total 21504K, used 5808K [0x00000000bae00000, 0x00000000bc300000, 0x00000000c0000000)
  object space 21504K, 27% used [0x00000000bae00000,0x00000000bb3ac198,0x00000000bc300000)
}
Event: 8,232 GC heap before
{Heap before GC invocations=4 (full 0):
 PSYoungGen      total 34304K, used 34281K [0x00000000eaa80000, 0x00000000eed80000, 0x0000000100000000)
  eden space 31744K, 100% used [0x00000000eaa80000,0x00000000ec980000,0x00000000ec980000)
  from space 2560K, 99% used [0x00000000ec980000,0x00000000ecbfa430,0x00000000ecc00000)
  to   space 2560K, 0% used [0x00000000eeb00000,0x00000000eeb00000,0x00000000eed80000)
 ParOldGen       total 41472K, used 7857K [0x00000000c0000000, 0x00000000c2880000, 0x00000000eaa80000)
  object space 41472K, 18% used [0x00000000c0000000,0x00000000c07ac4a0,0x00000000c2880000)
 PSPermGen       total 21504K, used 5837K [0x00000000bae00000, 0x00000000bc300000, 0x00000000c0000000)
  object space 21504K, 27% used [0x00000000bae00000,0x00000000bb3b3690,0x00000000bc300000)
Event: 8,338 GC heap after
Heap after GC invocations=4 (full 0):
 PSYoungGen      total 66048K, used 2536K [0x00000000eaa80000, 0x00000000eed80000, 0x0000000100000000)
  eden space 63488K, 0% used [0x00000000eaa80000,0x00000000eaa80000,0x00000000ee880000)
  from space 2560K, 99% used [0x00000000eeb00000,0x00000000eed7a120,0x00000000eed80000)
  to   space 2560K, 0% used [0x00000000ee880000,0x00000000ee880000,0x00000000eeb00000)
 ParOldGen       total 41472K, used 13457K [0x00000000c0000000, 0x00000000c2880000, 0x00000000eaa80000)
  object space 41472K, 32% used [0x00000000c0000000,0x00000000c0d244f8,0x00000000c2880000)
 PSPermGen       total 21504K, used 5837K [0x00000000bae00000, 0x00000000bc300000, 0x00000000c0000000)
  object space 21504K, 27% used [0x00000000bae00000,0x00000000bb3b3690,0x00000000bc300000)
}
Event: 157,357 GC heap before
{Heap before GC invocations=5 (full 0):
 PSYoungGen      total 66048K, used 66024K [0x00000000eaa80000, 0x00000000eed80000, 0x0000000100000000)
  eden space 63488K, 100% used [0x00000000eaa80000,0x00000000ee880000,0x00000000ee880000)
  from space 2560K, 99% used [0x00000000eeb00000,0x00000000eed7a120,0x00000000eed80000)
  to   space 2560K, 0% used [0x00000000ee880000,0x00000000ee880000,0x00000000eeb00000)
 ParOldGen       total 41472K, used 13457K [0x00000000c0000000, 0x00000000c2880000, 0x00000000eaa80000)
  object space 41472K, 32% used [0x00000000c0000000,0x00000000c0d244f8,0x00000000c2880000)
 PSPermGen       total 21504K, used 5881K [0x00000000bae00000, 0x00000000bc300000, 0x00000000c0000000)
  object space 21504K, 27% used [0x00000000bae00000,0x00000000bb3be4d8,0x00000000bc300000)

Deoptimization events (2 events):
Event: 5,077 Thread 0x00007f488000a000 Uncommon trap: reason=null_check action=make_not_entrant pc=0x00007f487d093700 method=com.android.dx.rop.type.Type.equals(Ljava/lang/Object;)Z @ 8
Event: 5,848 Thread 0x00007f488000a000 Uncommon trap: reason=null_check action=make_not_entrant pc=0x00007f487d0ad248 method=com.android.dx.rop.type.Type.putIntern(Lcom/android/dx/rop/type/Type;)Lcom/android/dx/rop/type/Type; @ 18

Internal exceptions (10 events):
Event: 2,751 Thread 0x00007f4880168800 Threw 0x00000000eb176320 at /HUDSON/workspace/7u-2-build-linux-amd64/jdk7u79/2331/hotspot/src/share/vm/prims/jvm.cpp:1304
Event: 3,095 Thread 0x00007f4880160800 Threw 0x00000000eb4f2c88 at /HUDSON/workspace/7u-2-build-linux-amd64/jdk7u79/2331/hotspot/src/share/vm/prims/jvm.cpp:1304
Event: 3,345 Thread 0x00007f488000a000 Threw 0x00000000eb8b0400 at /HUDSON/workspace/7u-2-build-linux-amd64/jdk7u79/2331/hotspot/src/share/vm/prims/jvm.cpp:1304
Event: 3,523 Thread 0x00007f488000a000 Threw 0x00000000eaac6168 at /HUDSON/workspace/7u-2-build-linux-amd64/jdk7u79/2331/hotspot/src/share/vm/prims/jvm.cpp:1304
Event: 5,077 Thread 0x00007f488000a000 Implicit null exception at 0x00007f487d093652 to 0x00007f487d0936f2
Event: 5,848 Thread 0x00007f488000a000 Implicit null exception at 0x00007f487d0acae7 to 0x00007f487d0ad239
Event: 5,998 Thread 0x00007f488000a000 Threw 0x00000000ec697c40 at /HUDSON/workspace/7u-2-build-linux-amd64/jdk7u79/2331/hotspot/src/share/vm/prims/jvm.cpp:1304
Event: 6,126 Thread 0x00007f4880160800 Threw 0x00000000ec8c2738 at /HUDSON/workspace/7u-2-build-linux-amd64/jdk7u79/2331/hotspot/src/share/vm/prims/jvm.cpp:1304
Event: 42,351 Thread 0x00007f4880160800 Threw 0x00000000eb964180 at /HUDSON/workspace/7u-2-build-linux-amd64/jdk7u79/2331/hotspot/src/share/vm/prims/jvm.cpp:1304
Event: 84,349 Thread 0x00007f4880166800 Threw 0x00000000ed2cd600 at /HUDSON/workspace/7u-2-build-linux-amd64/jdk7u79/2331/hotspot/src/share/vm/prims/jvm.cpp:1304

Events (10 events):
Event: 6,126 loading class 0x00007f48480153b0 done
Event: 6,201 Executing VM operation: ParallelGCFailedAllocation
Event: 6,305 Executing VM operation: ParallelGCFailedAllocation done
Event: 8,217 Executing VM operation: ParallelGCFailedAllocation
Event: 8,338 Executing VM operation: ParallelGCFailedAllocation done
Event: 20,842 loading class 0x00007f4850017080
Event: 32,673 loading class 0x00007f4850017080 done
Event: 83,273 loading class 0x00007f48480055f0
Event: 83,996 loading class 0x00007f48480055f0 done
Event: 157,274 Executing VM operation: ParallelGCFailedAllocation


Dynamic libraries:
00400000-00401000 r-xp 00000000 08:05 2901756                            /home/svilupposw/jdk1.7.0_79/bin/java
00600000-00601000 rw-p 00000000 08:05 2901756                            /home/svilupposw/jdk1.7.0_79/bin/java
02383000-023a4000 rw-p 00000000 00:00 0                                  [heap]
bae00000-bc300000 rw-p 00000000 00:00 0 
bc300000-c0000000 rw-p 00000000 00:00 0 
c0000000-c2880000 rw-p 00000000 00:00 0 
c2880000-eaa80000 rw-p 00000000 00:00 0 
eaa80000-eed80000 rw-p 00000000 00:00 0 
f4080000-100000000 rw-p 00000000 00:00 0 
7f483c000000-7f483c021000 rw-p 00000000 00:00 0 
7f483c021000-7f4840000000 ---p 00000000 00:00 0 
7f4844000000-7f4844021000 rw-p 00000000 00:00 0 
7f4844021000-7f4848000000 ---p 00000000 00:00 0 
7f4848000000-7f4848021000 rw-p 00000000 00:00 0 
7f4848021000-7f484c000000 ---p 00000000 00:00 0 
7f484c000000-7f484c021000 rw-p 00000000 00:00 0 
7f484c021000-7f4850000000 ---p 00000000 00:00 0 
7f4850000000-7f485003f000 rw-p 00000000 00:00 0 
7f485003f000-7f4854000000 ---p 00000000 00:00 0 
7f4854000000-7f4854d00000 rw-p 00000000 00:00 0 
7f4854d00000-7f4858000000 ---p 00000000 00:00 0 
7f4858000000-7f4858021000 rw-p 00000000 00:00 0 
7f4858021000-7f485c000000 ---p 00000000 00:00 0 
7f485c000000-7f485c021000 rw-p 00000000 00:00 0 
7f485c021000-7f4860000000 ---p 00000000 00:00 0 
7f4860000000-7f486169d000 rw-p 00000000 00:00 0 
7f486169d000-7f4864000000 ---p 00000000 00:00 0 
7f4864000000-7f4864021000 rw-p 00000000 00:00 0 
7f4864021000-7f4868000000 ---p 00000000 00:00 0 
7f4868000000-7f4868021000 rw-p 00000000 00:00 0 
7f4868021000-7f486c000000 ---p 00000000 00:00 0 
7f486c000000-7f486c021000 rw-p 00000000 00:00 0 
7f486c021000-7f4870000000 ---p 00000000 00:00 0 
7f4870000000-7f4870252000 rw-p 00000000 00:00 0 
7f4870252000-7f4874000000 ---p 00000000 00:00 0 
7f4874000000-7f4874021000 rw-p 00000000 00:00 0 
7f4874021000-7f4878000000 ---p 00000000 00:00 0 
7f487a140000-7f487a143000 ---p 00000000 00:00 0 
7f487a143000-7f487a241000 rw-p 00000000 00:00 0 
7f487a241000-7f487a244000 ---p 00000000 00:00 0 
7f487a244000-7f487a342000 rw-p 00000000 00:00 0 
7f487a342000-7f487a345000 ---p 00000000 00:00 0 
7f487a345000-7f487a443000 rw-p 00000000 00:00 0 
7f487a443000-7f487a446000 ---p 00000000 00:00 0 
7f487a446000-7f487a544000 rw-p 00000000 00:00 0 
7f487a544000-7f487a547000 ---p 00000000 00:00 0 
7f487a547000-7f487a645000 rw-p 00000000 00:00 0 
7f487a645000-7f487a65b000 r-xp 00000000 08:05 2640856                    /home/svilupposw/jdk1.7.0_79/jre/lib/amd64/libnet.so
7f487a65b000-7f487a85b000 ---p 00016000 08:05 2640856                    /home/svilupposw/jdk1.7.0_79/jre/lib/amd64/libnet.so
7f487a85b000-7f487a85c000 rw-p 00016000 08:05 2640856                    /home/svilupposw/jdk1.7.0_79/jre/lib/amd64/libnet.so
7f487a85c000-7f487a86c000 r-xp 00000000 08:05 2640822                    /home/svilupposw/jdk1.7.0_79/jre/lib/amd64/libnio.so
7f487a86c000-7f487aa6c000 ---p 00010000 08:05 2640822                    /home/svilupposw/jdk1.7.0_79/jre/lib/amd64/libnio.so
7f487aa6c000-7f487aa6d000 rw-p 00010000 08:05 2640822                    /home/svilupposw/jdk1.7.0_79/jre/lib/amd64/libnio.so
7f487aa6d000-7f487aa6e000 ---p 00000000 00:00 0 
7f487aa6e000-7f487ab6e000 rw-p 00000000 00:00 0 
7f487ab6e000-7f487ab71000 ---p 00000000 00:00 0 
7f487ab71000-7f487ac6f000 rw-p 00000000 00:00 0 
7f487ac6f000-7f487ac72000 ---p 00000000 00:00 0 
7f487ac72000-7f487d000000 rw-p 00000000 00:00 0 
7f487d000000-7f487d270000 rwxp 00000000 00:00 0 
7f487d270000-7f4880185000 rw-p 00000000 00:00 0 
7f4880185000-7f4884000000 ---p 00000000 00:00 0 
7f48840b4000-7f48840b5000 rw-p 00000000 00:00 0 
7f48840b5000-7f48840bc000 r--s 00000000 08:05 2761416                    /usr/lib/x86_64-linux-gnu/gconv/gconv-modules.cache
7f48840bc000-7f48840e0000 r--p 00000000 08:05 2883832                    /usr/share/locale-langpack/it/LC_MESSAGES/libc.mo
7f48840e0000-7f48840f1000 r--s 000c3000 08:05 3948382                    /home/svilupposw/.gradle/caches/modules-2/files-2.1/com.fasterxml.jackson.core/jackson-databind/2.2.2/3c8f6018eaa72d43b261181e801e6f8676c16ef6/jackson-databind-2.2.2.jar
7f48840f1000-7f48840f4000 ---p 00000000 00:00 0 
7f48840f4000-7f48841f2000 rw-p 00000000 00:00 0 
7f48841f2000-7f48841f5000 ---p 00000000 00:00 0 
7f48841f5000-7f48842f3000 rw-p 00000000 00:00 0 
7f48842f3000-7f48849dc000 r--p 00000000 08:05 2497068                    /usr/lib/locale/locale-archive
7f48849dc000-7f48849df000 ---p 00000000 00:00 0 
7f48849df000-7f4884add000 rw-p 00000000 00:00 0 
7f4884add000-7f4884ae0000 ---p 00000000 00:00 0 
7f4884ae0000-7f4884bde000 rw-p 00000000 00:00 0 
7f4884bde000-7f4884bdf000 ---p 00000000 00:00 0 
7f4884bdf000-7f4885696000 rw-p 00000000 00:00 0 
7f4885696000-7f4885856000 r--s 039f7000 08:05 2641074                    /home/svilupposw/jdk1.7.0_79/jre/lib/rt.jar
7f4885856000-7f4885b78000 rw-p 00000000 00:00 0 
7f4885b78000-7f4885b79000 ---p 00000000 00:00 0 
7f4885b79000-7f4885c79000 rw-p 00000000 00:00 0 
7f4885c79000-7f4885c7a000 ---p 00000000 00:00 0 
7f4885c7a000-7f4885d85000 rw-p 00000000 00:00 0 
7f4885d85000-7f4885da3000 rw-p 00000000 00:00 0 
7f4885da3000-7f4885db8000 rw-p 00000000 00:00 0 
7f4885db8000-7f4885ef9000 rw-p 00000000 00:00 0 
7f4885ef9000-7f4885f04000 rw-p 00000000 00:00 0 
7f4885f04000-7f4885f22000 rw-p 00000000 00:00 0 
7f4885f22000-7f4885f37000 rw-p 00000000 00:00 0 
7f4885f37000-7f4886077000 rw-p 00000000 00:00 0 
7f4886077000-7f4886099000 rw-p 00000000 00:00 0 
7f4886099000-7f4886122000 rw-p 00000000 00:00 0 
7f4886122000-7f4886123000 rw-p 00000000 00:00 0 
7f4886123000-7f488613d000 r-xp 00000000 08:05 2640851                    /home/svilupposw/jdk1.7.0_79/jre/lib/amd64/libzip.so
7f488613d000-7f488633d000 ---p 0001a000 08:05 2640851                    /home/svilupposw/jdk1.7.0_79/jre/lib/amd64/libzip.so
7f488633d000-7f488633e000 rw-p 0001a000 08:05 2640851                    /home/svilupposw/jdk1.7.0_79/jre/lib/amd64/libzip.so
7f488633e000-7f488634a000 r-xp 00000000 08:05 5642893                    /lib/x86_64-linux-gnu/libnss_files-2.15.so
7f488634a000-7f4886549000 ---p 0000c000 08:05 5642893                    /lib/x86_64-linux-gnu/libnss_files-2.15.so
7f4886549000-7f488654a000 r--p 0000b000 08:05 5642893                    /lib/x86_64-linux-gnu/libnss_files-2.15.so
7f488654a000-7f488654b000 rw-p 0000c000 08:05 5642893                    /lib/x86_64-linux-gnu/libnss_files-2.15.so
7f488654b000-7f4886555000 r-xp 00000000 08:05 5639716                    /lib/x86_64-linux-gnu/libnss_nis-2.15.so
7f4886555000-7f4886755000 ---p 0000a000 08:05 5639716                    /lib/x86_64-linux-gnu/libnss_nis-2.15.so
7f4886755000-7f4886756000 r--p 0000a000 08:05 5639716                    /lib/x86_64-linux-gnu/libnss_nis-2.15.so
7f4886756000-7f4886757000 rw-p 0000b000 08:05 5639716                    /lib/x86_64-linux-gnu/libnss_nis-2.15.so
7f4886757000-7f488676e000 r-xp 00000000 08:05 5642887                    /lib/x86_64-linux-gnu/libnsl-2.15.so
7f488676e000-7f488696d000 ---p 00017000 08:05 5642887                    /lib/x86_64-linux-gnu/libnsl-2.15.so
7f488696d000-7f488696e000 r--p 00016000 08:05 5642887                    /lib/x86_64-linux-gnu/libnsl-2.15.so
7f488696e000-7f488696f000 rw-p 00017000 08:05 5642887                    /lib/x86_64-linux-gnu/libnsl-2.15.so
7f488696f000-7f4886971000 rw-p 00000000 00:00 0 
7f4886971000-7f4886979000 r-xp 00000000 08:05 5642892                    /lib/x86_64-linux-gnu/libnss_compat-2.15.so
7f4886979000-7f4886b78000 ---p 00008000 08:05 5642892                    /lib/x86_64-linux-gnu/libnss_compat-2.15.so
7f4886b78000-7f4886b79000 r--p 00007000 08:05 5642892                    /lib/x86_64-linux-gnu/libnss_compat-2.15.so
7f4886b79000-7f4886b7a000 rw-p 00008000 08:05 5642892                    /lib/x86_64-linux-gnu/libnss_compat-2.15.so
7f4886b7a000-7f4886ba3000 r-xp 00000000 08:05 2640817                    /home/svilupposw/jdk1.7.0_79/jre/lib/amd64/libjava.so
7f4886ba3000-7f4886da3000 ---p 00029000 08:05 2640817                    /home/svilupposw/jdk1.7.0_79/jre/lib/amd64/libjava.so
7f4886da3000-7f4886da5000 rw-p 00029000 08:05 2640817                    /home/svilupposw/jdk1.7.0_79/jre/lib/amd64/libjava.so
7f4886da5000-7f4886db2000 r-xp 00000000 08:05 2640844                    /home/svilupposw/jdk1.7.0_79/jre/lib/amd64/libverify.so
7f4886db2000-7f4886fb1000 ---p 0000d000 08:05 2640844                    /home/svilupposw/jdk1.7.0_79/jre/lib/amd64/libverify.so
7f4886fb1000-7f4886fb3000 rw-p 0000c000 08:05 2640844                    /home/svilupposw/jdk1.7.0_79/jre/lib/amd64/libverify.so
7f4886fb3000-7f4886fba000 r-xp 00000000 08:05 5642880                    /lib/x86_64-linux-gnu/librt-2.15.so
7f4886fba000-7f48871b9000 ---p 00007000 08:05 5642880                    /lib/x86_64-linux-gnu/librt-2.15.so
7f48871b9000-7f48871ba000 r--p 00006000 08:05 5642880                    /lib/x86_64-linux-gnu/librt-2.15.so
7f48871ba000-7f48871bb000 rw-p 00007000 08:05 5642880                    /lib/x86_64-linux-gnu/librt-2.15.so
7f48871bb000-7f48872b6000 r-xp 00000000 08:05 5642894                    /lib/x86_64-linux-gnu/libm-2.15.so
7f48872b6000-7f48874b5000 ---p 000fb000 08:05 5642894                    /lib/x86_64-linux-gnu/libm-2.15.so
7f48874b5000-7f48874b6000 r--p 000fa000 08:05 5642894                    /lib/x86_64-linux-gnu/libm-2.15.so
7f48874b6000-7f48874b7000 rw-p 000fb000 08:05 5642894                    /lib/x86_64-linux-gnu/libm-2.15.so
7f48874b7000-7f488802c000 r-xp 00000000 08:05 2640871                    /home/svilupposw/jdk1.7.0_79/jre/lib/amd64/server/libjvm.so
7f488802c000-7f488822c000 ---p 00b75000 08:05 2640871                    /home/svilupposw/jdk1.7.0_79/jre/lib/amd64/server/libjvm.so
7f488822c000-7f48882f0000 rw-p 00b75000 08:05 2640871                    /home/svilupposw/jdk1.7.0_79/jre/lib/amd64/server/libjvm.so
7f48882f0000-7f4888331000 rw-p 00000000 00:00 0 
7f4888331000-7f48884e5000 r-xp 00000000 08:05 5642885                    /lib/x86_64-linux-gnu/libc-2.15.so
7f48884e5000-7f48886e4000 ---p 001b4000 08:05 5642885                    /lib/x86_64-linux-gnu/libc-2.15.so
7f48886e4000-7f48886e8000 r--p 001b3000 08:05 5642885                    /lib/x86_64-linux-gnu/libc-2.15.so
7f48886e8000-7f48886ea000 rw-p 001b7000 08:05 5642885                    /lib/x86_64-linux-gnu/libc-2.15.so
7f48886ea000-7f48886ef000 rw-p 00000000 00:00 0 
7f48886ef000-7f48886f1000 r-xp 00000000 08:05 5637002                    /lib/x86_64-linux-gnu/libdl-2.15.so
7f48886f1000-7f48888f1000 ---p 00002000 08:05 5637002                    /lib/x86_64-linux-gnu/libdl-2.15.so
7f48888f1000-7f48888f2000 r--p 00002000 08:05 5637002                    /lib/x86_64-linux-gnu/libdl-2.15.so
7f48888f2000-7f48888f3000 rw-p 00003000 08:05 5637002                    /lib/x86_64-linux-gnu/libdl-2.15.so
7f48888f3000-7f4888909000 r-xp 00000000 08:05 2901117                    /home/svilupposw/jdk1.7.0_79/lib/amd64/jli/libjli.so
7f4888909000-7f4888b09000 ---p 00016000 08:05 2901117                    /home/svilupposw/jdk1.7.0_79/lib/amd64/jli/libjli.so
7f4888b09000-7f4888b0a000 rw-p 00016000 08:05 2901117                    /home/svilupposw/jdk1.7.0_79/lib/amd64/jli/libjli.so
7f4888b0a000-7f4888b22000 r-xp 00000000 08:05 5642888                    /lib/x86_64-linux-gnu/libpthread-2.15.so
7f4888b22000-7f4888d21000 ---p 00018000 08:05 5642888                    /lib/x86_64-linux-gnu/libpthread-2.15.so
7f4888d21000-7f4888d22000 r--p 00017000 08:05 5642888                    /lib/x86_64-linux-gnu/libpthread-2.15.so
7f4888d22000-7f4888d23000 rw-p 00018000 08:05 5642888                    /lib/x86_64-linux-gnu/libpthread-2.15.so
7f4888d23000-7f4888d27000 rw-p 00000000 00:00 0 
7f4888d27000-7f4888d49000 r-xp 00000000 08:05 5642891                    /lib/x86_64-linux-gnu/ld-2.15.so
7f4888d4e000-7f4888d6e000 rw-p 00000000 00:00 0 
7f4888d6e000-7f4888e24000 rw-p 00000000 00:00 0 
7f4888e24000-7f4888e27000 ---p 00000000 00:00 0 
7f4888e27000-7f4888f29000 rw-p 00000000 00:00 0 
7f4888f2e000-7f4888f3d000 r--s 000df000 08:05 3696931                    /home/svilupposw/Android/Sdk/build-tools/23.0.2/lib/dx.jar
7f4888f3d000-7f4888f45000 rw-s 00000000 08:05 3948416                    /tmp/hsperfdata_svilupposw/10406
7f4888f45000-7f4888f46000 rw-p 00000000 00:00 0 
7f4888f46000-7f4888f47000 ---p 00000000 00:00 0 
7f4888f47000-7f4888f49000 rw-p 00000000 00:00 0 
7f4888f49000-7f4888f4a000 r--p 00022000 08:05 5642891                    /lib/x86_64-linux-gnu/ld-2.15.so
7f4888f4a000-7f4888f4c000 rw-p 00023000 08:05 5642891                    /lib/x86_64-linux-gnu/ld-2.15.so
7fff7631e000-7fff7633f000 rw-p 00000000 00:00 0                          [stack]
7fff763c8000-7fff763c9000 r-xp 00000000 00:00 0                          [vdso]
ffffffffff600000-ffffffffff601000 r-xp 00000000 00:00 0                  [vsyscall]

VM Arguments:
jvm_args: -Djava.awt.headless=true -Xmx1024M -Dfile.encoding=UTF-8 -Duser.country=IT -Duser.language=it -Duser.variant 
java_command: com.android.dx.command.Main --dex --num-threads=4 --output /home/svilupposw/AndroidStudioProjects/ToDoList/app/build/intermediates/pre-dexed/debug/jackson-databind-2.2.2_8ee6b617d76837f8b2e0d27e51c5d5313082201f.jar /home/svilupposw/.gradle/caches/modules-2/files-2.1/com.fasterxml.jackson.core/jackson-databind/2.2.2/3c8f6018eaa72d43b261181e801e6f8676c16ef6/jackson-databind-2.2.2.jar
Launcher Type: SUN_STANDARD

Environment Variables:
PATH=/home/svilupposw/jdk1.7.0_79/bin:/usr/lib/lightdm/lightdm:/usr/local/sbin:/usr/local/bin:/usr/sbin:/usr/bin:/sbin:/bin:/usr/games:/home/svilupposw/Scrivania/utils
LD_LIBRARY_PATH=./bin:
SHELL=/bin/bash
DISPLAY=:0

Signal Handlers:
SIGSEGV: [libjvm.so+0x9a3bf0], sa_mask[0]=0x7ffbfeff, sa_flags=0x10000004
SIGBUS: [libjvm.so+0x9a3bf0], sa_mask[0]=0x7ffbfeff, sa_flags=0x10000004
SIGFPE: [libjvm.so+0x81cb60], sa_mask[0]=0x7ffbfeff, sa_flags=0x10000004
SIGPIPE: [libjvm.so+0x81cb60], sa_mask[0]=0x7ffbfeff, sa_flags=0x10000004
SIGXFSZ: [libjvm.so+0x81cb60], sa_mask[0]=0x7ffbfeff, sa_flags=0x10000004
SIGILL: [libjvm.so+0x81cb60], sa_mask[0]=0x7ffbfeff, sa_flags=0x10000004
SIGUSR1: SIG_DFL, sa_mask[0]=0x00000000, sa_flags=0x00000000
SIGUSR2: [libjvm.so+0x81e360], sa_mask[0]=0x00000004, sa_flags=0x10000004
SIGHUP: [libjvm.so+0x81f480], sa_mask[0]=0x7ffbfeff, sa_flags=0x10000004
SIGINT: [libjvm.so+0x81f480], sa_mask[0]=0x7ffbfeff, sa_flags=0x10000004
SIGTERM: [libjvm.so+0x81f480], sa_mask[0]=0x7ffbfeff, sa_flags=0x10000004
SIGQUIT: [libjvm.so+0x81f480], sa_mask[0]=0x7ffbfeff, sa_flags=0x10000004


---------------  S Y S T E M  ---------------

OS:wheezy/sid

uname:Linux 3.2.0-99-generic #139-Ubuntu SMP Mon Feb 1 23:16:15 UTC 2016 x86_64
libc:glibc 2.15 NPTL 2.15 
rlimit: STACK 8192k, CORE 0k, NPROC 31224, NOFILE 4096, AS infinity
load average:30,78 17,70 8,38

/proc/meminfo:
MemTotal:        4014368 kB
MemFree:          102904 kB
Buffers:             224 kB
Cached:           330896 kB
SwapCached:            0 kB
Active:          3443716 kB
Inactive:         279644 kB
Active(anon):    3430780 kB
Inactive(anon):   261776 kB
Active(file):      12936 kB
Inactive(file):    17868 kB
Unevictable:           0 kB
Mlocked:               0 kB
SwapTotal:             0 kB
SwapFree:              0 kB
Dirty:               152 kB
Writeback:            60 kB
AnonPages:       3392532 kB
Mapped:            78236 kB
Shmem:            300108 kB
Slab:              65820 kB
SReclaimable:      24748 kB
SUnreclaim:        41072 kB
KernelStack:        4896 kB
PageTables:        42588 kB
NFS_Unstable:          0 kB
Bounce:                0 kB
WritebackTmp:          0 kB
CommitLimit:     2007184 kB
Committed_AS:    8228760 kB
VmallocTotal:   34359738367 kB
VmallocUsed:      358576 kB
VmallocChunk:   34359367376 kB
HardwareCorrupted:     0 kB
AnonHugePages:         0 kB
HugePages_Total:       0
HugePages_Free:        0
HugePages_Rsvd:        0
HugePages_Surp:        0
Hugepagesize:       2048 kB
DirectMap4k:       48704 kB
DirectMap2M:     4110336 kB


CPU:total 2 (2 cores per cpu, 1 threads per core) family 6 model 23 stepping 10, cmov, cx8, fxsr, mmx, sse, sse2, sse3, ssse3, tsc

/proc/cpuinfo:
processor	: 0
vendor_id	: GenuineIntel
cpu family	: 6
model		: 23
model name	: Pentium(R) Dual-Core  CPU      E5400  @ 2.70GHz
stepping	: 10
microcode	: 0xa07
cpu MHz		: 2700.000
cache size	: 2048 KB
physical id	: 0
siblings	: 2
core id		: 0
cpu cores	: 2
apicid		: 0
initial apicid	: 0
fpu		: yes
fpu_exception	: yes
cpuid level	: 13
wp		: yes
flags		: fpu vme de pse tsc msr pae mce cx8 apic sep mtrr pge mca cmov pat pse36 clflush dts acpi mmx fxsr sse sse2 ss ht tm pbe syscall nx lm constant_tsc arch_perfmon pebs bts rep_good nopl aperfmperf pni dtes64 monitor ds_cpl vmx est tm2 ssse3 cx16 xtpr pdcm xsave lahf_lm dtherm tpr_shadow vnmi flexpriority
bogomips	: 5386.50
clflush size	: 64
cache_alignment	: 64
address sizes	: 36 bits physical, 48 bits virtual
power management:

processor	: 1
vendor_id	: GenuineIntel
cpu family	: 6
model		: 23
model name	: Pentium(R) Dual-Core  CPU      E5400  @ 2.70GHz
stepping	: 10
microcode	: 0xa07
cpu MHz		: 2003.000
cache size	: 2048 KB
physical id	: 0
siblings	: 2
core id		: 1
cpu cores	: 2
apicid		: 1
initial apicid	: 1
fpu		: yes
fpu_exception	: yes
cpuid level	: 13
wp		: yes
flags		: fpu vme de pse tsc msr pae mce cx8 apic sep mtrr pge mca cmov pat pse36 clflush dts acpi mmx fxsr sse sse2 ss ht tm pbe syscall nx lm constant_tsc arch_perfmon pebs bts rep_good nopl aperfmperf pni dtes64 monitor ds_cpl vmx est tm2 ssse3 cx16 xtpr pdcm xsave lahf_lm dtherm tpr_shadow vnmi flexpriority
bogomips	: 5386.43
clflush size	: 64
cache_alignment	: 64
address sizes	: 36 bits physical, 48 bits virtual
power management:



Memory: 4k page, physical 4014368k(102904k free), swap 0k(0k free)

vm_info: Java HotSpot(TM) 64-Bit Server VM (24.79-b02) for linux-amd64 JRE (1.7.0_79-b15), built on Apr 10 2015 11:34:48 by "java_re" with gcc 4.3.0 20080428 (Red Hat 4.3.0-8)

time: Thu Mar 31 12:44:51 2016
elapsed time: 185 seconds

