#
# There is insufficient memory for the Java Runtime Environment to continue.
# Native memory allocation (malloc) failed to allocate 73400320 bytes for committing reserved memory.
# Possible reasons:
#   The system is out of physical RAM or swap space
#   In 32 bit mode, the process size limit was hit
# Possible solutions:
#   Reduce memory load on the system
#   Increase physical memory or swap space
#   Check if swap backing store is full
#   Use 64 bit Java on a 64 bit OS
#   Decrease Java heap size (-Xmx/-Xms)
#   Decrease number of Java threads
#   Decrease Java thread stack sizes (-Xss)
#   Set larger code cache with -XX:ReservedCodeCacheSize=
# This output file may be truncated or incomplete.
#
#  Out of Memory Error (os_linux.cpp:2756), pid=15310, tid=140622295926528
#
# JRE version: Java(TM) SE Runtime Environment (7.0_79-b15) (build 1.7.0_79-b15)
# Java VM: Java HotSpot(TM) 64-Bit Server VM (24.79-b02 mixed mode linux-amd64 compressed oops)
# Failed to write core dump. Core dumps have been disabled. To enable core dumping, try "ulimit -c unlimited" before starting Java again
#

---------------  T H R E A D  ---------------

Current thread (0x00007fe534065800):  VMThread [stack: 0x00007fe52def0000,0x00007fe52dff1000] [id=15318]

Stack: [0x00007fe52def0000,0x00007fe52dff1000],  sp=0x00007fe52dfef110,  free space=1020k
Native frames: (J=compiled Java code, j=interpreted, Vv=VM code, C=native code)
V  [libjvm.so+0x9a32da]  VMError::report_and_die()+0x2ea
V  [libjvm.so+0x497f7b]  report_vm_out_of_memory(char const*, int, unsigned long, char const*)+0x9b
V  [libjvm.so+0x81fcce]  os::Linux::commit_memory_impl(char*, unsigned long, bool)+0xfe
V  [libjvm.so+0x820219]  os::pd_commit_memory(char*, unsigned long, unsigned long, bool)+0x29
V  [libjvm.so+0x819faa]  os::commit_memory(char*, unsigned long, unsigned long, bool)+0x2a
V  [libjvm.so+0x88d863]  PSVirtualSpace::expand_by(unsigned long)+0x53
V  [libjvm.so+0x88ec38]  PSYoungGen::resize_generation(unsigned long, unsigned long)+0xf8
V  [libjvm.so+0x88dda2]  PSYoungGen::resize(unsigned long, unsigned long)+0x22
V  [libjvm.so+0x88b15d]  PSScavenge::invoke_no_policy()+0xf3d
V  [libjvm.so+0x88b9a1]  PSScavenge::invoke()+0x41
V  [libjvm.so+0x842320]  ParallelScavengeHeap::failed_mem_allocate(unsigned long)+0x70
V  [libjvm.so+0x9a4b67]  VM_ParallelGCFailedAllocation::doit()+0x97
V  [libjvm.so+0x9ac005]  VM_Operation::evaluate()+0x55
V  [libjvm.so+0x9aa3ca]  VMThread::evaluate_operation(VM_Operation*)+0xba
V  [libjvm.so+0x9aa74e]  VMThread::loop()+0x1ce
V  [libjvm.so+0x9aabc0]  VMThread::run()+0x70
V  [libjvm.so+0x821ca8]  java_start(Thread*)+0x108

VM_Operation (0x00007fe52cbd5170): ParallelGCFailedAllocation, mode: safepoint, requested by thread 0x00007fe534170000


---------------  P R O C E S S  ---------------

Java Threads: ( => current thread )
  0x00007fe534176000 JavaThread "pool-1-thread-4" [_thread_blocked, id=15331, stack(0x00007fe52c7d3000,0x00007fe52c8d4000)]
  0x00007fe534174000 JavaThread "pool-1-thread-3" [_thread_blocked, id=15330, stack(0x00007fe52c8d4000,0x00007fe52c9d5000)]
  0x00007fe534171800 JavaThread "pool-1-thread-2" [_thread_blocked, id=15329, stack(0x00007fe52c9d5000,0x00007fe52cad6000)]
  0x00007fe534170000 JavaThread "pool-2-thread-1" [_thread_blocked, id=15328, stack(0x00007fe52cad6000,0x00007fe52cbd7000)]
  0x00007fe53416e000 JavaThread "pool-1-thread-1" [_thread_blocked, id=15327, stack(0x00007fe52cbd7000,0x00007fe52ccd8000)]
  0x00007fe534094800 JavaThread "Service Thread" daemon [_thread_blocked, id=15324, stack(0x00007fe52d201000,0x00007fe52d302000)]
  0x00007fe534092000 JavaThread "C2 CompilerThread1" daemon [_thread_blocked, id=15323, stack(0x00007fe52d302000,0x00007fe52d403000)]
  0x00007fe53408f000 JavaThread "C2 CompilerThread0" daemon [_thread_blocked, id=15322, stack(0x00007fe52d403000,0x00007fe52d504000)]
  0x00007fe53408d000 JavaThread "Signal Dispatcher" daemon [_thread_blocked, id=15321, stack(0x00007fe52d504000,0x00007fe52d605000)]
  0x00007fe53406c000 JavaThread "Finalizer" daemon [_thread_blocked, id=15320, stack(0x00007fe52dcee000,0x00007fe52ddef000)]
  0x00007fe53406a000 JavaThread "Reference Handler" daemon [_thread_blocked, id=15319, stack(0x00007fe52ddef000,0x00007fe52def0000)]
  0x00007fe53400a000 JavaThread "main" [_thread_blocked, id=15312, stack(0x00007fe53b3e4000,0x00007fe53b4e5000)]

Other Threads:
=>0x00007fe534065800 VMThread [stack: 0x00007fe52def0000,0x00007fe52dff1000] [id=15318]
  0x00007fe53409f000 WatcherThread [stack: 0x00007fe52d100000,0x00007fe52d201000] [id=15325]

VM state:at safepoint (normal execution)

VM Mutex/Monitor currently owned by a thread:  ([mutex/lock_event])
[0x00007fe5340066f0] Threads_lock - owner thread: 0x00007fe534065800
[0x00007fe534006bf0] Heap_lock - owner thread: 0x00007fe534170000

Heap
 PSYoungGen      total 73216K, used 10729K [0x00000000eaa80000, 0x00000000efd80000, 0x0000000100000000)
  eden space 62464K, 0% used [0x00000000eaa80000,0x00000000eaa80000,0x00000000ee780000)
  from space 10752K, 99% used [0x00000000ee780000,0x00000000ef1fa510,0x00000000ef200000)
  to   space 9728K, 0% used [0x00000000ef200000,0x00000000ef200000,0x00000000efb80000)
 ParOldGen       total 41472K, used 18851K [0x00000000c0000000, 0x00000000c2880000, 0x00000000eaa80000)
  object space 41472K, 45% used [0x00000000c0000000,0x00000000c1268cf8,0x00000000c2880000)
 PSPermGen       total 21504K, used 5922K [0x00000000bae00000, 0x00000000bc300000, 0x00000000c0000000)
  object space 21504K, 27% used [0x00000000bae00000,0x00000000bb3c8a20,0x00000000bc300000)

Card table byte_map: [0x00007fe5384b9000,0x00007fe5386e3000] byte_map_base: 0x00007fe537ee2000

Polling page: 0x00007fe53b506000

Code Cache  [0x00007fe531000000, 0x00007fe531270000, 0x00007fe534000000)
 total_blobs=561 nmethods=332 adapters=183 free_code_cache=47604Kb largest_free_block=48703168

Compilation events (10 events):
Event: 29,188 Thread 0x00007fe53408f000 nmethod 328 0x00007fe53112e610 code [0x00007fe53112e7c0, 0x00007fe53112ef58]
Event: 29,188 Thread 0x00007fe53408f000  329             java.util.HashMap$Entry::<init> (26 bytes)
Event: 29,188 Thread 0x00007fe53408f000 nmethod 329 0x00007fe53112e410 code [0x00007fe53112e540, 0x00007fe53112e5b8]
Event: 29,188 Thread 0x00007fe53408f000  330             com.android.dx.rop.code.RegisterSpecSet::equals (106 bytes)
Event: 29,222 Thread 0x00007fe53408f000 nmethod 330 0x00007fe531178350 code [0x00007fe5311784a0, 0x00007fe5311788d8]
Event: 29,222 Thread 0x00007fe53408f000  331             java.util.HashMap::createEntry (39 bytes)
Event: 29,678 Thread 0x00007fe53408f000 nmethod 331 0x00007fe53112f750 code [0x00007fe53112f8a0, 0x00007fe53112fa58]
Event: 29,678 Thread 0x00007fe53408f000  332             com.android.dx.ssa.SCCP::addUsersToWorklist (103 bytes)
Event: 29,701 Thread 0x00007fe534092000 nmethod 326 0x00007fe531130350 code [0x00007fe531130520, 0x00007fe531130cd0]
Event: 29,702 Thread 0x00007fe534092000  333             com.android.dx.ssa.DeadCodeRemover::isCircularNoSideEffect (140 bytes)

GC Heap History (10 events):
Event: 2,226 GC heap after
Heap after GC invocations=2 (full 0):
 PSYoungGen      total 18432K, used 2535K [0x00000000eaa80000, 0x00000000ece80000, 0x0000000100000000)
  eden space 15872K, 0% used [0x00000000eaa80000,0x00000000eaa80000,0x00000000eba00000)
  from space 2560K, 99% used [0x00000000ebc80000,0x00000000ebef9ca8,0x00000000ebf00000)
  to   space 2560K, 0% used [0x00000000eba00000,0x00000000eba00000,0x00000000ebc80000)
 ParOldGen       total 41472K, used 1568K [0x00000000c0000000, 0x00000000c2880000, 0x00000000eaa80000)
  object space 41472K, 3% used [0x00000000c0000000,0x00000000c0188130,0x00000000c2880000)
 PSPermGen       total 21504K, used 5605K [0x00000000bae00000, 0x00000000bc300000, 0x00000000c0000000)
  object space 21504K, 26% used [0x00000000bae00000,0x00000000bb3796a0,0x00000000bc300000)
}
Event: 3,099 GC heap before
{Heap before GC invocations=3 (full 0):
 PSYoungGen      total 18432K, used 18407K [0x00000000eaa80000, 0x00000000ece80000, 0x0000000100000000)
  eden space 15872K, 100% used [0x00000000eaa80000,0x00000000eba00000,0x00000000eba00000)
  from space 2560K, 99% used [0x00000000ebc80000,0x00000000ebef9ca8,0x00000000ebf00000)
  to   space 2560K, 0% used [0x00000000eba00000,0x00000000eba00000,0x00000000ebc80000)
 ParOldGen       total 41472K, used 1568K [0x00000000c0000000, 0x00000000c2880000, 0x00000000eaa80000)
  object space 41472K, 3% used [0x00000000c0000000,0x00000000c0188130,0x00000000c2880000)
 PSPermGen       total 21504K, used 5765K [0x00000000bae00000, 0x00000000bc300000, 0x00000000c0000000)
  object space 21504K, 26% used [0x00000000bae00000,0x00000000bb3a1730,0x00000000bc300000)
Event: 3,144 GC heap after
Heap after GC invocations=3 (full 0):
 PSYoungGen      total 18432K, used 2528K [0x00000000eaa80000, 0x00000000ece80000, 0x0000000100000000)
  eden space 15872K, 0% used [0x00000000eaa80000,0x00000000eaa80000,0x00000000eba00000)
  from space 2560K, 98% used [0x00000000eba00000,0x00000000ebc78028,0x00000000ebc80000)
  to   space 2560K, 0% used [0x00000000ecc00000,0x00000000ecc00000,0x00000000ece80000)
 ParOldGen       total 41472K, used 4259K [0x00000000c0000000, 0x00000000c2880000, 0x00000000eaa80000)
  object space 41472K, 10% used [0x00000000c0000000,0x00000000c0428fa8,0x00000000c2880000)
 PSPermGen       total 21504K, used 5765K [0x00000000bae00000, 0x00000000bc300000, 0x00000000c0000000)
  object space 21504K, 26% used [0x00000000bae00000,0x00000000bb3a1730,0x00000000bc300000)
}
Event: 4,315 GC heap before
{Heap before GC invocations=4 (full 0):
 PSYoungGen      total 18432K, used 18400K [0x00000000eaa80000, 0x00000000ece80000, 0x0000000100000000)
  eden space 15872K, 100% used [0x00000000eaa80000,0x00000000eba00000,0x00000000eba00000)
  from space 2560K, 98% used [0x00000000eba00000,0x00000000ebc78028,0x00000000ebc80000)
  to   space 2560K, 0% used [0x00000000ecc00000,0x00000000ecc00000,0x00000000ece80000)
 ParOldGen       total 41472K, used 4259K [0x00000000c0000000, 0x00000000c2880000, 0x00000000eaa80000)
  object space 41472K, 10% used [0x00000000c0000000,0x00000000c0428fa8,0x00000000c2880000)
 PSPermGen       total 21504K, used 5810K [0x00000000bae00000, 0x00000000bc300000, 0x00000000c0000000)
  object space 21504K, 27% used [0x00000000bae00000,0x00000000bb3acb30,0x00000000bc300000)
Event: 4,375 GC heap after
Heap after GC invocations=4 (full 0):
 PSYoungGen      total 34304K, used 2544K [0x00000000eaa80000, 0x00000000ece80000, 0x0000000100000000)
  eden space 31744K, 0% used [0x00000000eaa80000,0x00000000eaa80000,0x00000000ec980000)
  from space 2560K, 99% used [0x00000000ecc00000,0x00000000ece7c038,0x00000000ece80000)
  to   space 2560K, 0% used [0x00000000ec980000,0x00000000ec980000,0x00000000ecc00000)
 ParOldGen       total 41472K, used 6803K [0x00000000c0000000, 0x00000000c2880000, 0x00000000eaa80000)
  object space 41472K, 16% used [0x00000000c0000000,0x00000000c06a4c40,0x00000000c2880000)
 PSPermGen       total 21504K, used 5810K [0x00000000bae00000, 0x00000000bc300000, 0x00000000c0000000)
  object space 21504K, 27% used [0x00000000bae00000,0x00000000bb3acb30,0x00000000bc300000)
}
Event: 7,129 GC heap before
{Heap before GC invocations=5 (full 0):
 PSYoungGen      total 34304K, used 34288K [0x00000000eaa80000, 0x00000000ece80000, 0x0000000100000000)
  eden space 31744K, 100% used [0x00000000eaa80000,0x00000000ec980000,0x00000000ec980000)
  from space 2560K, 99% used [0x00000000ecc00000,0x00000000ece7c038,0x00000000ece80000)
  to   space 2560K, 0% used [0x00000000ec980000,0x00000000ec980000,0x00000000ecc00000)
 ParOldGen       total 41472K, used 6803K [0x00000000c0000000, 0x00000000c2880000, 0x00000000eaa80000)
  object space 41472K, 16% used [0x00000000c0000000,0x00000000c06a4c40,0x00000000c2880000)
 PSPermGen       total 21504K, used 5837K [0x00000000bae00000, 0x00000000bc300000, 0x00000000c0000000)
  object space 21504K, 27% used [0x00000000bae00000,0x00000000bb3b36e0,0x00000000bc300000)
Event: 7,205 GC heap after
Heap after GC invocations=5 (full 0):
 PSYoungGen      total 34304K, used 2528K [0x00000000eaa80000, 0x00000000efb80000, 0x0000000100000000)
  eden space 31744K, 0% used [0x00000000eaa80000,0x00000000eaa80000,0x00000000ec980000)
  from space 2560K, 98% used [0x00000000ec980000,0x00000000ecbf8028,0x00000000ecc00000)
  to   space 9728K, 0% used [0x00000000ef200000,0x00000000ef200000,0x00000000efb80000)
 ParOldGen       total 41472K, used 12338K [0x00000000c0000000, 0x00000000c2880000, 0x00000000eaa80000)
  object space 41472K, 29% used [0x00000000c0000000,0x00000000c0c0ca18,0x00000000c2880000)
 PSPermGen       total 21504K, used 5837K [0x00000000bae00000, 0x00000000bc300000, 0x00000000c0000000)
  object space 21504K, 27% used [0x00000000bae00000,0x00000000bb3b36e0,0x00000000bc300000)
}
Event: 8,825 GC heap before
{Heap before GC invocations=6 (full 0):
 PSYoungGen      total 34304K, used 34272K [0x00000000eaa80000, 0x00000000efb80000, 0x0000000100000000)
  eden space 31744K, 100% used [0x00000000eaa80000,0x00000000ec980000,0x00000000ec980000)
  from space 2560K, 98% used [0x00000000ec980000,0x00000000ecbf8028,0x00000000ecc00000)
  to   space 9728K, 0% used [0x00000000ef200000,0x00000000ef200000,0x00000000efb80000)
 ParOldGen       total 41472K, used 12338K [0x00000000c0000000, 0x00000000c2880000, 0x00000000eaa80000)
  object space 41472K, 29% used [0x00000000c0000000,0x00000000c0c0ca18,0x00000000c2880000)
 PSPermGen       total 21504K, used 5867K [0x00000000bae00000, 0x00000000bc300000, 0x00000000c0000000)
  object space 21504K, 27% used [0x00000000bae00000,0x00000000bb3baec8,0x00000000bc300000)
Event: 8,928 GC heap after
Heap after GC invocations=6 (full 0):
 PSYoungGen      total 72192K, used 7731K [0x00000000eaa80000, 0x00000000efd80000, 0x0000000100000000)
  eden space 62464K, 0% used [0x00000000eaa80000,0x00000000eaa80000,0x00000000ee780000)
  from space 9728K, 79% used [0x00000000ef200000,0x00000000ef98ced0,0x00000000efb80000)
  to   space 10752K, 0% used [0x00000000ee780000,0x00000000ee780000,0x00000000ef200000)
 ParOldGen       total 41472K, used 12338K [0x00000000c0000000, 0x00000000c2880000, 0x00000000eaa80000)
  object space 41472K, 29% used [0x00000000c0000000,0x00000000c0c0ca18,0x00000000c2880000)
 PSPermGen       total 21504K, used 5867K [0x00000000bae00000, 0x00000000bc300000, 0x00000000c0000000)
  object space 21504K, 27% used [0x00000000bae00000,0x00000000bb3baec8,0x00000000bc300000)
}
Event: 29,868 GC heap before
{Heap before GC invocations=7 (full 0):
 PSYoungGen      total 72192K, used 70195K [0x00000000eaa80000, 0x00000000efd80000, 0x0000000100000000)
  eden space 62464K, 100% used [0x00000000eaa80000,0x00000000ee780000,0x00000000ee780000)
  from space 9728K, 79% used [0x00000000ef200000,0x00000000ef98ced0,0x00000000efb80000)
  to   space 10752K, 0% used [0x00000000ee780000,0x00000000ee780000,0x00000000ef200000)
 ParOldGen       total 41472K, used 12338K [0x00000000c0000000, 0x00000000c2880000, 0x00000000eaa80000)
  object space 41472K, 29% used [0x00000000c0000000,0x00000000c0c0ca18,0x00000000c2880000)
 PSPermGen       total 21504K, used 5922K [0x00000000bae00000, 0x00000000bc300000, 0x00000000c0000000)
  object space 21504K, 27% used [0x00000000bae00000,0x00000000bb3c8a20,0x00000000bc300000)

Deoptimization events (6 events):
Event: 1,956 Thread 0x00007fe53400a000 Uncommon trap: reason=null_check action=make_not_entrant pc=0x00007fe5310863cc method=com.android.dx.rop.code.LocalItem.equals(Ljava/lang/Object;)Z @ 1
Event: 5,137 Thread 0x00007fe53400a000 Uncommon trap: reason=null_check action=make_not_entrant pc=0x00007fe5310945c0 method=com.android.dx.rop.type.Type.equals(Ljava/lang/Object;)Z @ 8
Event: 5,782 Thread 0x00007fe53400a000 Uncommon trap: reason=unreached action=reinterpret pc=0x00007fe5310bd554 method=com.android.dx.ssa.SsaConverter.placePhiFunctions(Lcom/android/dx/ssa/SsaMethod;Lcom/android/dx/ssa/LocalVariableInfo;I)V @ 327
Event: 8,353 Thread 0x00007fe53400a000 Uncommon trap: reason=null_check action=make_not_entrant pc=0x00007fe5310fa63c method=com.android.dx.rop.type.Type.putIntern(Lcom/android/dx/rop/type/Type;)Lcom/android/dx/rop/type/Type; @ 18
Event: 8,932 Thread 0x00007fe53416e000 Uncommon trap: reason=unreached action=reinterpret pc=0x00007fe5310e8060 method=com.android.dx.ssa.SCCP.simulateBranch(Lcom/android/dx/ssa/SsaInsn;)V @ 334
Event: 29,841 Thread 0x00007fe534174000 Uncommon trap: reason=null_check action=make_not_entrant pc=0x00007fe531138b18 method=com.android.dx.cf.code.Ropper$CatchInfo.getSetup(Lcom/android/dx/rop/type/Type;)Lcom/android/dx/cf/code/Ropper$ExceptionHandlerSetup; @ 10

Internal exceptions (10 events):
Event: 1,660 Thread 0x00007fe53416e000 Threw 0x00000000eb2edf68 at /HUDSON/workspace/7u-2-build-linux-amd64/jdk7u79/2331/hotspot/src/share/vm/prims/jvm.cpp:1304
Event: 1,673 Thread 0x00007fe534174000 Threw 0x00000000eb2a4430 at /HUDSON/workspace/7u-2-build-linux-amd64/jdk7u79/2331/hotspot/src/share/vm/prims/jvm.cpp:1304
Event: 1,696 Thread 0x00007fe534176000 Threw 0x00000000eb287b58 at /HUDSON/workspace/7u-2-build-linux-amd64/jdk7u79/2331/hotspot/src/share/vm/prims/jvm.cpp:1304
Event: 1,956 Thread 0x00007fe53400a000 Implicit null exception at 0x00007fe5310860ed to 0x00007fe5310863b1
Event: 2,452 Thread 0x00007fe53416e000 Threw 0x00000000eadedbc8 at /HUDSON/workspace/7u-2-build-linux-amd64/jdk7u79/2331/hotspot/src/share/vm/prims/jvm.cpp:1304
Event: 2,661 Thread 0x00007fe53400a000 Threw 0x00000000eb169da8 at /HUDSON/workspace/7u-2-build-linux-amd64/jdk7u79/2331/hotspot/src/share/vm/prims/jvm.cpp:1304
Event: 5,137 Thread 0x00007fe53400a000 Implicit null exception at 0x00007fe531094512 to 0x00007fe5310945b2
Event: 8,082 Thread 0x00007fe534171800 Threw 0x00000000ebc8c930 at /HUDSON/workspace/7u-2-build-linux-amd64/jdk7u79/2331/hotspot/src/share/vm/prims/jvm.cpp:1304
Event: 8,353 Thread 0x00007fe53400a000 Implicit null exception at 0x00007fe5310f9f03 to 0x00007fe5310fa62d
Event: 29,841 Thread 0x00007fe534174000 Implicit null exception at 0x00007fe531134a79 to 0x00007fe531138ad9

Events (10 events):
Event: 8,960 Executing VM operation: RevokeBias
Event: 8,961 Executing VM operation: RevokeBias done
Event: 8,961 Executing VM operation: BulkRevokeBias
Event: 8,962 Executing VM operation: BulkRevokeBias done
Event: 9,426 Thread 0x00007fe534092000 flushing nmethod 0x00007fe531085d50
Event: 21,309 Thread 0x00007fe534092000 flushing nmethod 0x00007fe531094390
Event: 29,841 Thread 0x00007fe534174000 Uncommon trap: trap_request=0xfffffff4 fr.pc=0x00007fe531138b18
Event: 29,841 Thread 0x00007fe534174000 DEOPT PACKING pc=0x00007fe531138b18 sp=0x00007fe52c9d3130
Event: 29,855 Thread 0x00007fe534174000 DEOPT UNPACKING pc=0x00007fe531039045 sp=0x00007fe52c9d3088 mode 2
Event: 29,859 Executing VM operation: ParallelGCFailedAllocation


Dynamic libraries:
00400000-00401000 r-xp 00000000 08:05 2901756                            /home/svilupposw/jdk1.7.0_79/bin/java
00600000-00601000 rw-p 00000000 08:05 2901756                            /home/svilupposw/jdk1.7.0_79/bin/java
015e2000-0162a000 rw-p 00000000 00:00 0                                  [heap]
bae00000-bc300000 rw-p 00000000 00:00 0 
bc300000-c0000000 rw-p 00000000 00:00 0 
c0000000-c2880000 rw-p 00000000 00:00 0 
c2880000-eaa80000 rw-p 00000000 00:00 0 
eaa80000-efd80000 rw-p 00000000 00:00 0 
f4380000-100000000 rw-p 00000000 00:00 0 
7fe4f0000000-7fe4f0021000 rw-p 00000000 00:00 0 
7fe4f0021000-7fe4f4000000 ---p 00000000 00:00 0 
7fe4f8000000-7fe4f8021000 rw-p 00000000 00:00 0 
7fe4f8021000-7fe4fc000000 ---p 00000000 00:00 0 
7fe4fc000000-7fe4fc021000 rw-p 00000000 00:00 0 
7fe4fc021000-7fe500000000 ---p 00000000 00:00 0 
7fe500000000-7fe500021000 rw-p 00000000 00:00 0 
7fe500021000-7fe504000000 ---p 00000000 00:00 0 
7fe504000000-7fe504038000 rw-p 00000000 00:00 0 
7fe504038000-7fe508000000 ---p 00000000 00:00 0 
7fe508000000-7fe5094d9000 rw-p 00000000 00:00 0 
7fe5094d9000-7fe50c000000 ---p 00000000 00:00 0 
7fe50c000000-7fe50c021000 rw-p 00000000 00:00 0 
7fe50c021000-7fe510000000 ---p 00000000 00:00 0 
7fe510000000-7fe510021000 rw-p 00000000 00:00 0 
7fe510021000-7fe514000000 ---p 00000000 00:00 0 
7fe514000000-7fe515429000 rw-p 00000000 00:00 0 
7fe515429000-7fe518000000 ---p 00000000 00:00 0 
7fe518000000-7fe518021000 rw-p 00000000 00:00 0 
7fe518021000-7fe51c000000 ---p 00000000 00:00 0 
7fe51c000000-7fe51c021000 rw-p 00000000 00:00 0 
7fe51c021000-7fe520000000 ---p 00000000 00:00 0 
7fe520000000-7fe520021000 rw-p 00000000 00:00 0 
7fe520021000-7fe524000000 ---p 00000000 00:00 0 
7fe524000000-7fe524252000 rw-p 00000000 00:00 0 
7fe524252000-7fe528000000 ---p 00000000 00:00 0 
7fe528000000-7fe528021000 rw-p 00000000 00:00 0 
7fe528021000-7fe52c000000 ---p 00000000 00:00 0 
7fe52c7af000-7fe52c7d3000 r--p 00000000 08:05 2883832                    /usr/share/locale-langpack/it/LC_MESSAGES/libc.mo
7fe52c7d3000-7fe52c7d6000 ---p 00000000 00:00 0 
7fe52c7d6000-7fe52c8d4000 rw-p 00000000 00:00 0 
7fe52c8d4000-7fe52c8d7000 ---p 00000000 00:00 0 
7fe52c8d7000-7fe52c9d5000 rw-p 00000000 00:00 0 
7fe52c9d5000-7fe52c9d8000 ---p 00000000 00:00 0 
7fe52c9d8000-7fe52cad6000 rw-p 00000000 00:00 0 
7fe52cad6000-7fe52cad9000 ---p 00000000 00:00 0 
7fe52cad9000-7fe52cbd7000 rw-p 00000000 00:00 0 
7fe52cbd7000-7fe52cbda000 ---p 00000000 00:00 0 
7fe52cbda000-7fe52ccd8000 rw-p 00000000 00:00 0 
7fe52ccd8000-7fe52ccee000 r-xp 00000000 08:05 2640856                    /home/svilupposw/jdk1.7.0_79/jre/lib/amd64/libnet.so
7fe52ccee000-7fe52ceee000 ---p 00016000 08:05 2640856                    /home/svilupposw/jdk1.7.0_79/jre/lib/amd64/libnet.so
7fe52ceee000-7fe52ceef000 rw-p 00016000 08:05 2640856                    /home/svilupposw/jdk1.7.0_79/jre/lib/amd64/libnet.so
7fe52ceef000-7fe52ceff000 r-xp 00000000 08:05 2640822                    /home/svilupposw/jdk1.7.0_79/jre/lib/amd64/libnio.so
7fe52ceff000-7fe52d0ff000 ---p 00010000 08:05 2640822                    /home/svilupposw/jdk1.7.0_79/jre/lib/amd64/libnio.so
7fe52d0ff000-7fe52d100000 rw-p 00010000 08:05 2640822                    /home/svilupposw/jdk1.7.0_79/jre/lib/amd64/libnio.so
7fe52d100000-7fe52d101000 ---p 00000000 00:00 0 
7fe52d101000-7fe52d201000 rw-p 00000000 00:00 0 
7fe52d201000-7fe52d204000 ---p 00000000 00:00 0 
7fe52d204000-7fe52d302000 rw-p 00000000 00:00 0 
7fe52d302000-7fe52d305000 ---p 00000000 00:00 0 
7fe52d305000-7fe52d403000 rw-p 00000000 00:00 0 
7fe52d403000-7fe52d406000 ---p 00000000 00:00 0 
7fe52d406000-7fe52d504000 rw-p 00000000 00:00 0 
7fe52d504000-7fe52d507000 ---p 00000000 00:00 0 
7fe52d507000-7fe52d605000 rw-p 00000000 00:00 0 
7fe52d605000-7fe52dcee000 r--p 00000000 08:05 2497068                    /usr/lib/locale/locale-archive
7fe52dcee000-7fe52dcf1000 ---p 00000000 00:00 0 
7fe52dcf1000-7fe52ddef000 rw-p 00000000 00:00 0 
7fe52ddef000-7fe52ddf2000 ---p 00000000 00:00 0 
7fe52ddf2000-7fe52def0000 rw-p 00000000 00:00 0 
7fe52def0000-7fe52def1000 ---p 00000000 00:00 0 
7fe52def1000-7fe52e987000 rw-p 00000000 00:00 0 
7fe52e987000-7fe52eb47000 r--s 039f7000 08:05 2641074                    /home/svilupposw/jdk1.7.0_79/jre/lib/rt.jar
7fe52eb47000-7fe531000000 rw-p 00000000 00:00 0 
7fe531000000-7fe531270000 rwxp 00000000 00:00 0 
7fe531270000-7fe5341ac000 rw-p 00000000 00:00 0 
7fe5341ac000-7fe538000000 ---p 00000000 00:00 0 
7fe538002000-7fe538003000 rw-p 00000000 00:00 0 
7fe538003000-7fe53800a000 r--s 00000000 08:05 2761416                    /usr/lib/x86_64-linux-gnu/gconv/gconv-modules.cache
7fe53800a000-7fe53801e000 r--s 000c0000 08:05 5257445                    /home/svilupposw/AndroidStudioProjects/LoginScreen/app/build/intermediates/exploded-aar/com.google.android.gms/play-services-basement/8.1.0/jars/classes.jar
7fe53801e000-7fe538138000 rw-p 00000000 00:00 0 
7fe538138000-7fe538139000 ---p 00000000 00:00 0 
7fe538139000-7fe538239000 rw-p 00000000 00:00 0 
7fe538239000-7fe53823a000 ---p 00000000 00:00 0 
7fe53823a000-7fe538345000 rw-p 00000000 00:00 0 
7fe538345000-7fe538363000 rw-p 00000000 00:00 0 
7fe538363000-7fe538378000 rw-p 00000000 00:00 0 
7fe538378000-7fe5384b9000 rw-p 00000000 00:00 0 
7fe5384b9000-7fe5384c4000 rw-p 00000000 00:00 0 
7fe5384c4000-7fe5384e2000 rw-p 00000000 00:00 0 
7fe5384e2000-7fe5384f7000 rw-p 00000000 00:00 0 
7fe5384f7000-7fe538637000 rw-p 00000000 00:00 0 
7fe538637000-7fe538661000 rw-p 00000000 00:00 0 
7fe538661000-7fe5386e2000 rw-p 00000000 00:00 0 
7fe5386e2000-7fe5386e3000 rw-p 00000000 00:00 0 
7fe5386e3000-7fe5386fd000 r-xp 00000000 08:05 2640851                    /home/svilupposw/jdk1.7.0_79/jre/lib/amd64/libzip.so
7fe5386fd000-7fe5388fd000 ---p 0001a000 08:05 2640851                    /home/svilupposw/jdk1.7.0_79/jre/lib/amd64/libzip.so
7fe5388fd000-7fe5388fe000 rw-p 0001a000 08:05 2640851                    /home/svilupposw/jdk1.7.0_79/jre/lib/amd64/libzip.so
7fe5388fe000-7fe53890a000 r-xp 00000000 08:05 5642893                    /lib/x86_64-linux-gnu/libnss_files-2.15.so
7fe53890a000-7fe538b09000 ---p 0000c000 08:05 5642893                    /lib/x86_64-linux-gnu/libnss_files-2.15.so
7fe538b09000-7fe538b0a000 r--p 0000b000 08:05 5642893                    /lib/x86_64-linux-gnu/libnss_files-2.15.so
7fe538b0a000-7fe538b0b000 rw-p 0000c000 08:05 5642893                    /lib/x86_64-linux-gnu/libnss_files-2.15.so
7fe538b0b000-7fe538b15000 r-xp 00000000 08:05 5639716                    /lib/x86_64-linux-gnu/libnss_nis-2.15.so
7fe538b15000-7fe538d15000 ---p 0000a000 08:05 5639716                    /lib/x86_64-linux-gnu/libnss_nis-2.15.so
7fe538d15000-7fe538d16000 r--p 0000a000 08:05 5639716                    /lib/x86_64-linux-gnu/libnss_nis-2.15.so
7fe538d16000-7fe538d17000 rw-p 0000b000 08:05 5639716                    /lib/x86_64-linux-gnu/libnss_nis-2.15.so
7fe538d17000-7fe538d2e000 r-xp 00000000 08:05 5642887                    /lib/x86_64-linux-gnu/libnsl-2.15.so
7fe538d2e000-7fe538f2d000 ---p 00017000 08:05 5642887                    /lib/x86_64-linux-gnu/libnsl-2.15.so
7fe538f2d000-7fe538f2e000 r--p 00016000 08:05 5642887                    /lib/x86_64-linux-gnu/libnsl-2.15.so
7fe538f2e000-7fe538f2f000 rw-p 00017000 08:05 5642887                    /lib/x86_64-linux-gnu/libnsl-2.15.so
7fe538f2f000-7fe538f31000 rw-p 00000000 00:00 0 
7fe538f31000-7fe538f39000 r-xp 00000000 08:05 5642892                    /lib/x86_64-linux-gnu/libnss_compat-2.15.so
7fe538f39000-7fe539138000 ---p 00008000 08:05 5642892                    /lib/x86_64-linux-gnu/libnss_compat-2.15.so
7fe539138000-7fe539139000 r--p 00007000 08:05 5642892                    /lib/x86_64-linux-gnu/libnss_compat-2.15.so
7fe539139000-7fe53913a000 rw-p 00008000 08:05 5642892                    /lib/x86_64-linux-gnu/libnss_compat-2.15.so
7fe53913a000-7fe539163000 r-xp 00000000 08:05 2640817                    /home/svilupposw/jdk1.7.0_79/jre/lib/amd64/libjava.so
7fe539163000-7fe539363000 ---p 00029000 08:05 2640817                    /home/svilupposw/jdk1.7.0_79/jre/lib/amd64/libjava.so
7fe539363000-7fe539365000 rw-p 00029000 08:05 2640817                    /home/svilupposw/jdk1.7.0_79/jre/lib/amd64/libjava.so
7fe539365000-7fe539372000 r-xp 00000000 08:05 2640844                    /home/svilupposw/jdk1.7.0_79/jre/lib/amd64/libverify.so
7fe539372000-7fe539571000 ---p 0000d000 08:05 2640844                    /home/svilupposw/jdk1.7.0_79/jre/lib/amd64/libverify.so
7fe539571000-7fe539573000 rw-p 0000c000 08:05 2640844                    /home/svilupposw/jdk1.7.0_79/jre/lib/amd64/libverify.so
7fe539573000-7fe53957a000 r-xp 00000000 08:05 5642880                    /lib/x86_64-linux-gnu/librt-2.15.so
7fe53957a000-7fe539779000 ---p 00007000 08:05 5642880                    /lib/x86_64-linux-gnu/librt-2.15.so
7fe539779000-7fe53977a000 r--p 00006000 08:05 5642880                    /lib/x86_64-linux-gnu/librt-2.15.so
7fe53977a000-7fe53977b000 rw-p 00007000 08:05 5642880                    /lib/x86_64-linux-gnu/librt-2.15.so
7fe53977b000-7fe539876000 r-xp 00000000 08:05 5642894                    /lib/x86_64-linux-gnu/libm-2.15.so
7fe539876000-7fe539a75000 ---p 000fb000 08:05 5642894                    /lib/x86_64-linux-gnu/libm-2.15.so
7fe539a75000-7fe539a76000 r--p 000fa000 08:05 5642894                    /lib/x86_64-linux-gnu/libm-2.15.so
7fe539a76000-7fe539a77000 rw-p 000fb000 08:05 5642894                    /lib/x86_64-linux-gnu/libm-2.15.so
7fe539a77000-7fe53a5ec000 r-xp 00000000 08:05 2640871                    /home/svilupposw/jdk1.7.0_79/jre/lib/amd64/server/libjvm.so
7fe53a5ec000-7fe53a7ec000 ---p 00b75000 08:05 2640871                    /home/svilupposw/jdk1.7.0_79/jre/lib/amd64/server/libjvm.so
7fe53a7ec000-7fe53a8b0000 rw-p 00b75000 08:05 2640871                    /home/svilupposw/jdk1.7.0_79/jre/lib/amd64/server/libjvm.so
7fe53a8b0000-7fe53a8f1000 rw-p 00000000 00:00 0 
7fe53a8f1000-7fe53aaa5000 r-xp 00000000 08:05 5642885                    /lib/x86_64-linux-gnu/libc-2.15.so
7fe53aaa5000-7fe53aca4000 ---p 001b4000 08:05 5642885                    /lib/x86_64-linux-gnu/libc-2.15.so
7fe53aca4000-7fe53aca8000 r--p 001b3000 08:05 5642885                    /lib/x86_64-linux-gnu/libc-2.15.so
7fe53aca8000-7fe53acaa000 rw-p 001b7000 08:05 5642885                    /lib/x86_64-linux-gnu/libc-2.15.so
7fe53acaa000-7fe53acaf000 rw-p 00000000 00:00 0 
7fe53acaf000-7fe53acb1000 r-xp 00000000 08:05 5637002                    /lib/x86_64-linux-gnu/libdl-2.15.so
7fe53acb1000-7fe53aeb1000 ---p 00002000 08:05 5637002                    /lib/x86_64-linux-gnu/libdl-2.15.so
7fe53aeb1000-7fe53aeb2000 r--p 00002000 08:05 5637002                    /lib/x86_64-linux-gnu/libdl-2.15.so
7fe53aeb2000-7fe53aeb3000 rw-p 00003000 08:05 5637002                    /lib/x86_64-linux-gnu/libdl-2.15.so
7fe53aeb3000-7fe53aec9000 r-xp 00000000 08:05 2901117                    /home/svilupposw/jdk1.7.0_79/lib/amd64/jli/libjli.so
7fe53aec9000-7fe53b0c9000 ---p 00016000 08:05 2901117                    /home/svilupposw/jdk1.7.0_79/lib/amd64/jli/libjli.so
7fe53b0c9000-7fe53b0ca000 rw-p 00016000 08:05 2901117                    /home/svilupposw/jdk1.7.0_79/lib/amd64/jli/libjli.so
7fe53b0ca000-7fe53b0e2000 r-xp 00000000 08:05 5642888                    /lib/x86_64-linux-gnu/libpthread-2.15.so
7fe53b0e2000-7fe53b2e1000 ---p 00018000 08:05 5642888                    /lib/x86_64-linux-gnu/libpthread-2.15.so
7fe53b2e1000-7fe53b2e2000 r--p 00017000 08:05 5642888                    /lib/x86_64-linux-gnu/libpthread-2.15.so
7fe53b2e2000-7fe53b2e3000 rw-p 00018000 08:05 5642888                    /lib/x86_64-linux-gnu/libpthread-2.15.so
7fe53b2e3000-7fe53b2e7000 rw-p 00000000 00:00 0 
7fe53b2e7000-7fe53b309000 r-xp 00000000 08:05 5642891                    /lib/x86_64-linux-gnu/ld-2.15.so
7fe53b30e000-7fe53b32e000 rw-p 00000000 00:00 0 
7fe53b32e000-7fe53b3e4000 rw-p 00000000 00:00 0 
7fe53b3e4000-7fe53b3e7000 ---p 00000000 00:00 0 
7fe53b3e7000-7fe53b4e9000 rw-p 00000000 00:00 0 
7fe53b4ee000-7fe53b4fd000 r--s 000df000 08:05 3696931                    /home/svilupposw/Android/Sdk/build-tools/23.0.2/lib/dx.jar
7fe53b4fd000-7fe53b505000 rw-s 00000000 08:05 4334236                    /tmp/hsperfdata_svilupposw/15310
7fe53b505000-7fe53b506000 rw-p 00000000 00:00 0 
7fe53b506000-7fe53b507000 ---p 00000000 00:00 0 
7fe53b507000-7fe53b509000 rw-p 00000000 00:00 0 
7fe53b509000-7fe53b50a000 r--p 00022000 08:05 5642891                    /lib/x86_64-linux-gnu/ld-2.15.so
7fe53b50a000-7fe53b50c000 rw-p 00023000 08:05 5642891                    /lib/x86_64-linux-gnu/ld-2.15.so
7ffe5c3d9000-7ffe5c3fa000 rw-p 00000000 00:00 0                          [stack]
7ffe5c3fd000-7ffe5c3fe000 r-xp 00000000 00:00 0                          [vdso]
ffffffffff600000-ffffffffff601000 r-xp 00000000 00:00 0                  [vsyscall]

VM Arguments:
jvm_args: -Djava.awt.headless=true -Xmx1024M -Dfile.encoding=UTF-8 -Duser.country=IT -Duser.language=it -Duser.variant 
java_command: com.android.dx.command.Main --dex --num-threads=4 --output /home/svilupposw/AndroidStudioProjects/LoginScreen/app/build/intermediates/pre-dexed/debug/com.google.android.gms-play-services-basement-8.1.0_8d9b5031a928952f4da8b847960adf37f4f5a03f.jar /home/svilupposw/AndroidStudioProjects/LoginScreen/app/build/intermediates/exploded-aar/com.google.android.gms/play-services-basement/8.1.0/jars/classes.jar
Launcher Type: SUN_STANDARD

Environment Variables:
PATH=/home/svilupposw/jdk1.7.0_79/bin:/usr/lib/lightdm/lightdm:/usr/local/sbin:/usr/local/bin:/usr/sbin:/usr/bin:/sbin:/bin:/usr/games:/home/svilupposw/Scrivania/utils
LD_LIBRARY_PATH=./android-studio/bin:
SHELL=/bin/bash
DISPLAY=:0

Signal Handlers:
SIGSEGV: [libjvm.so+0x9a3bf0], sa_mask[0]=0x7ffbfeff, sa_flags=0x10000004
SIGBUS: [libjvm.so+0x9a3bf0], sa_mask[0]=0x7ffbfeff, sa_flags=0x10000004
SIGFPE: [libjvm.so+0x81cb60], sa_mask[0]=0x7ffbfeff, sa_flags=0x10000004
SIGPIPE: [libjvm.so+0x81cb60], sa_mask[0]=0x7ffbfeff, sa_flags=0x10000004
SIGXFSZ: [libjvm.so+0x81cb60], sa_mask[0]=0x7ffbfeff, sa_flags=0x10000004
SIGILL: [libjvm.so+0x81cb60], sa_mask[0]=0x7ffbfeff, sa_flags=0x10000004
SIGUSR1: SIG_DFL, sa_mask[0]=0x00000000, sa_flags=0x00000000
SIGUSR2: [libjvm.so+0x81e360], sa_mask[0]=0x00000004, sa_flags=0x10000004
SIGHUP: [libjvm.so+0x81f480], sa_mask[0]=0x7ffbfeff, sa_flags=0x10000004
SIGINT: [libjvm.so+0x81f480], sa_mask[0]=0x7ffbfeff, sa_flags=0x10000004
SIGTERM: [libjvm.so+0x81f480], sa_mask[0]=0x7ffbfeff, sa_flags=0x10000004
SIGQUIT: [libjvm.so+0x81f480], sa_mask[0]=0x7ffbfeff, sa_flags=0x10000004


---------------  S Y S T E M  ---------------

OS:wheezy/sid

uname:Linux 3.2.0-99-generic #139-Ubuntu SMP Mon Feb 1 23:16:15 UTC 2016 x86_64
libc:glibc 2.15 NPTL 2.15 
rlimit: STACK 8192k, CORE 0k, NPROC 31224, NOFILE 4096, AS infinity
load average:12,11 4,78 2,49

/proc/meminfo:
MemTotal:        4014368 kB
MemFree:          109560 kB
Buffers:             272 kB
Cached:           309352 kB
SwapCached:            0 kB
Active:          3452248 kB
Inactive:         255936 kB
Active(anon):    3451260 kB
Inactive(anon):   240372 kB
Active(file):        988 kB
Inactive(file):    15564 kB
Unevictable:           0 kB
Mlocked:               0 kB
SwapTotal:             0 kB
SwapFree:              0 kB
Dirty:                84 kB
Writeback:            92 kB
AnonPages:       3398580 kB
Mapped:            17312 kB
Shmem:            293096 kB
Slab:              66732 kB
SReclaimable:      21780 kB
SUnreclaim:        44952 kB
KernelStack:        4264 kB
PageTables:        32740 kB
NFS_Unstable:          0 kB
Bounce:                0 kB
WritebackTmp:          0 kB
CommitLimit:     2007184 kB
Committed_AS:    7094940 kB
VmallocTotal:   34359738367 kB
VmallocUsed:      359704 kB
VmallocChunk:   34359337864 kB
HardwareCorrupted:     0 kB
AnonHugePages:         0 kB
HugePages_Total:       0
HugePages_Free:        0
HugePages_Rsvd:        0
HugePages_Surp:        0
Hugepagesize:       2048 kB
DirectMap4k:       52800 kB
DirectMap2M:     4106240 kB


CPU:total 2 (2 cores per cpu, 1 threads per core) family 6 model 23 stepping 10, cmov, cx8, fxsr, mmx, sse, sse2, sse3, ssse3, tsc

/proc/cpuinfo:
processor	: 0
vendor_id	: GenuineIntel
cpu family	: 6
model		: 23
model name	: Pentium(R) Dual-Core  CPU      E5400  @ 2.70GHz
stepping	: 10
microcode	: 0xa07
cpu MHz		: 1603.000
cache size	: 2048 KB
physical id	: 0
siblings	: 2
core id		: 0
cpu cores	: 2
apicid		: 0
initial apicid	: 0
fpu		: yes
fpu_exception	: yes
cpuid level	: 13
wp		: yes
flags		: fpu vme de pse tsc msr pae mce cx8 apic sep mtrr pge mca cmov pat pse36 clflush dts acpi mmx fxsr sse sse2 ss ht tm pbe syscall nx lm constant_tsc arch_perfmon pebs bts rep_good nopl aperfmperf pni dtes64 monitor ds_cpl vmx est tm2 ssse3 cx16 xtpr pdcm xsave lahf_lm dtherm tpr_shadow vnmi flexpriority
bogomips	: 5386.56
clflush size	: 64
cache_alignment	: 64
address sizes	: 36 bits physical, 48 bits virtual
power management:

processor	: 1
vendor_id	: GenuineIntel
cpu family	: 6
model		: 23
model name	: Pentium(R) Dual-Core  CPU      E5400  @ 2.70GHz
stepping	: 10
microcode	: 0xa07
cpu MHz		: 1603.000
cache size	: 2048 KB
physical id	: 0
siblings	: 2
core id		: 1
cpu cores	: 2
apicid		: 1
initial apicid	: 1
fpu		: yes
fpu_exception	: yes
cpuid level	: 13
wp		: yes
flags		: fpu vme de pse tsc msr pae mce cx8 apic sep mtrr pge mca cmov pat pse36 clflush dts acpi mmx fxsr sse sse2 ss ht tm pbe syscall nx lm constant_tsc arch_perfmon pebs bts rep_good nopl aperfmperf pni dtes64 monitor ds_cpl vmx est tm2 ssse3 cx16 xtpr pdcm xsave lahf_lm dtherm tpr_shadow vnmi flexpriority
bogomips	: 5386.33
clflush size	: 64
cache_alignment	: 64
address sizes	: 36 bits physical, 48 bits virtual
power management:



Memory: 4k page, physical 4014368k(109560k free), swap 0k(0k free)

vm_info: Java HotSpot(TM) 64-Bit Server VM (24.79-b02) for linux-amd64 JRE (1.7.0_79-b15), built on Apr 10 2015 11:34:48 by "java_re" with gcc 4.3.0 20080428 (Red Hat 4.3.0-8)

time: Mon Mar 14 13:06:29 2016
elapsed time: 43 seconds

