#
# There is insufficient memory for the Java Runtime Environment to continue.
# Native memory allocation (malloc) failed to allocate 73400320 bytes for committing reserved memory.
# Possible reasons:
#   The system is out of physical RAM or swap space
#   In 32 bit mode, the process size limit was hit
# Possible solutions:
#   Reduce memory load on the system
#   Increase physical memory or swap space
#   Check if swap backing store is full
#   Use 64 bit Java on a 64 bit OS
#   Decrease Java heap size (-Xmx/-Xms)
#   Decrease number of Java threads
#   Decrease Java thread stack sizes (-Xss)
#   Set larger code cache with -XX:ReservedCodeCacheSize=
# This output file may be truncated or incomplete.
#
#  Out of Memory Error (os_linux.cpp:2756), pid=11146, tid=139676851418880
#
# JRE version: Java(TM) SE Runtime Environment (7.0_79-b15) (build 1.7.0_79-b15)
# Java VM: Java HotSpot(TM) 64-Bit Server VM (24.79-b02 mixed mode linux-amd64 compressed oops)
# Failed to write core dump. Core dumps have been disabled. To enable core dumping, try "ulimit -c unlimited" before starting Java again
#

---------------  T H R E A D  ---------------

Current thread (0x00007f0914065800):  VMThread [stack: 0x00007f090d0cb000,0x00007f090d1cc000] [id=11153]

Stack: [0x00007f090d0cb000,0x00007f090d1cc000],  sp=0x00007f090d1ca310,  free space=1020k
Native frames: (J=compiled Java code, j=interpreted, Vv=VM code, C=native code)
V  [libjvm.so+0x9a32da]  VMError::report_and_die()+0x2ea
V  [libjvm.so+0x497f7b]  report_vm_out_of_memory(char const*, int, unsigned long, char const*)+0x9b
V  [libjvm.so+0x81fcce]  os::Linux::commit_memory_impl(char*, unsigned long, bool)+0xfe
V  [libjvm.so+0x820219]  os::pd_commit_memory(char*, unsigned long, unsigned long, bool)+0x29
V  [libjvm.so+0x819faa]  os::commit_memory(char*, unsigned long, unsigned long, bool)+0x2a
V  [libjvm.so+0x88d863]  PSVirtualSpace::expand_by(unsigned long)+0x53
V  [libjvm.so+0x88ec38]  PSYoungGen::resize_generation(unsigned long, unsigned long)+0xf8
V  [libjvm.so+0x88dda2]  PSYoungGen::resize(unsigned long, unsigned long)+0x22
V  [libjvm.so+0x88b15d]  PSScavenge::invoke_no_policy()+0xf3d
V  [libjvm.so+0x88b9a1]  PSScavenge::invoke()+0x41
V  [libjvm.so+0x842320]  ParallelScavengeHeap::failed_mem_allocate(unsigned long)+0x70
V  [libjvm.so+0x9a4b67]  VM_ParallelGCFailedAllocation::doit()+0x97
V  [libjvm.so+0x9ac005]  VM_Operation::evaluate()+0x55
V  [libjvm.so+0x9aa3ca]  VMThread::evaluate_operation(VM_Operation*)+0xba
V  [libjvm.so+0x9aa74e]  VMThread::loop()+0x1ce
V  [libjvm.so+0x9aabc0]  VMThread::run()+0x70
V  [libjvm.so+0x821ca8]  java_start(Thread*)+0x108

VM_Operation (0x00007f08e7ce6370): ParallelGCFailedAllocation, mode: safepoint, requested by thread 0x00007f0914170000


---------------  P R O C E S S  ---------------

Java Threads: ( => current thread )
  0x00007f0914176000 JavaThread "pool-1-thread-4" [_thread_blocked, id=11165, stack(0x00007f08e78e4000,0x00007f08e79e5000)]
  0x00007f0914174800 JavaThread "pool-1-thread-3" [_thread_blocked, id=11164, stack(0x00007f08e79e5000,0x00007f08e7ae6000)]
  0x00007f0914171800 JavaThread "pool-1-thread-2" [_thread_blocked, id=11163, stack(0x00007f08e7ae6000,0x00007f08e7be7000)]
  0x00007f0914170000 JavaThread "pool-2-thread-1" [_thread_blocked, id=11162, stack(0x00007f08e7be7000,0x00007f08e7ce8000)]
  0x00007f091416e000 JavaThread "pool-1-thread-1" [_thread_blocked, id=11161, stack(0x00007f08e7ce8000,0x00007f08e7de9000)]
  0x00007f0914094800 JavaThread "Service Thread" daemon [_thread_blocked, id=11159, stack(0x00007f090c3dc000,0x00007f090c4dd000)]
  0x00007f0914092000 JavaThread "C2 CompilerThread1" daemon [_thread_blocked, id=11158, stack(0x00007f090c4dd000,0x00007f090c5de000)]
  0x00007f091408f000 JavaThread "C2 CompilerThread0" daemon [_thread_blocked, id=11157, stack(0x00007f090c5de000,0x00007f090c6df000)]
  0x00007f091408d000 JavaThread "Signal Dispatcher" daemon [_thread_blocked, id=11156, stack(0x00007f090c6df000,0x00007f090c7e0000)]
  0x00007f091406c000 JavaThread "Finalizer" daemon [_thread_blocked, id=11155, stack(0x00007f090cec9000,0x00007f090cfca000)]
  0x00007f091406a000 JavaThread "Reference Handler" daemon [_thread_blocked, id=11154, stack(0x00007f090cfca000,0x00007f090d0cb000)]
  0x00007f091400a000 JavaThread "main" [_thread_blocked, id=11149, stack(0x00007f091a5c1000,0x00007f091a6c2000)]

Other Threads:
=>0x00007f0914065800 VMThread [stack: 0x00007f090d0cb000,0x00007f090d1cc000] [id=11153]
  0x00007f091409f000 WatcherThread [stack: 0x00007f090c2db000,0x00007f090c3dc000] [id=11160]

VM state:at safepoint (normal execution)

VM Mutex/Monitor currently owned by a thread:  ([mutex/lock_event])
[0x00007f09140066f0] Threads_lock - owner thread: 0x00007f0914065800
[0x00007f0914006bf0] Heap_lock - owner thread: 0x00007f0914170000

Heap
 PSYoungGen      total 73216K, used 10743K [0x00000000eaa80000, 0x00000000efd80000, 0x0000000100000000)
  eden space 62464K, 0% used [0x00000000eaa80000,0x00000000eaa80000,0x00000000ee780000)
  from space 10752K, 99% used [0x00000000ee780000,0x00000000ef1fdcc0,0x00000000ef200000)
  to   space 9728K, 0% used [0x00000000ef200000,0x00000000ef200000,0x00000000efb80000)
 ParOldGen       total 41472K, used 18497K [0x00000000c0000000, 0x00000000c2880000, 0x00000000eaa80000)
  object space 41472K, 44% used [0x00000000c0000000,0x00000000c1210450,0x00000000c2880000)
 PSPermGen       total 21504K, used 5917K [0x00000000bae00000, 0x00000000bc300000, 0x00000000c0000000)
  object space 21504K, 27% used [0x00000000bae00000,0x00000000bb3c76a0,0x00000000bc300000)

Card table byte_map: [0x00007f0910588000,0x00007f09107b2000] byte_map_base: 0x00007f090ffb1000

Polling page: 0x00007f091a6e3000

Code Cache  [0x00007f09107b2000, 0x00007f0910a22000, 0x00007f09137b2000)
 total_blobs=496 nmethods=267 adapters=183 free_code_cache=48017Kb largest_free_block=49105024

Compilation events (10 events):
Event: 15,467 Thread 0x00007f0914092000 nmethod 263 0x00007f0910899a10 code [0x00007f0910899b60, 0x00007f0910899cb8]
Event: 15,469 Thread 0x00007f0914092000  264             com.android.dx.rop.cst.CstBaseMethodRef::compareTo0 (29 bytes)
Event: 15,533 Thread 0x00007f0914092000 nmethod 264 0x00007f09108b3bd0 code [0x00007f09108b3da0, 0x00007f09108b43f8]
Event: 15,533 Thread 0x00007f0914092000  265             com.android.dx.util.IntList::contains (14 bytes)
Event: 15,541 Thread 0x00007f0914092000 nmethod 265 0x00007f09108b3610 code [0x00007f09108b3760, 0x00007f09108b3938]
Event: 15,541 Thread 0x00007f0914092000  266             com.android.dx.cf.code.Frame::getStack (5 bytes)
Event: 15,541 Thread 0x00007f0914092000 nmethod 266 0x00007f09108b2e90 code [0x00007f09108b2fc0, 0x00007f09108b3018]
Event: 15,541 Thread 0x00007f0914092000  267             com.android.dx.rop.code.InsnList::getLast (11 bytes)
Event: 15,542 Thread 0x00007f0914092000 nmethod 267 0x00007f0910899690 code [0x00007f09108997e0, 0x00007f09108998b8]
Event: 15,542 Thread 0x00007f0914092000  268   !         com.android.dx.cf.code.Ropper::processBlock (1101 bytes)

GC Heap History (10 events):
Event: 3,228 GC heap after
Heap after GC invocations=2 (full 0):
 PSYoungGen      total 18432K, used 2538K [0x00000000eaa80000, 0x00000000ece80000, 0x0000000100000000)
  eden space 15872K, 0% used [0x00000000eaa80000,0x00000000eaa80000,0x00000000eba00000)
  from space 2560K, 99% used [0x00000000ebc80000,0x00000000ebefaac8,0x00000000ebf00000)
  to   space 2560K, 0% used [0x00000000eba00000,0x00000000eba00000,0x00000000ebc80000)
 ParOldGen       total 41472K, used 1475K [0x00000000c0000000, 0x00000000c2880000, 0x00000000eaa80000)
  object space 41472K, 3% used [0x00000000c0000000,0x00000000c0170d30,0x00000000c2880000)
 PSPermGen       total 21504K, used 5605K [0x00000000bae00000, 0x00000000bc300000, 0x00000000c0000000)
  object space 21504K, 26% used [0x00000000bae00000,0x00000000bb3797e8,0x00000000bc300000)
}
Event: 5,014 GC heap before
{Heap before GC invocations=3 (full 0):
 PSYoungGen      total 18432K, used 18410K [0x00000000eaa80000, 0x00000000ece80000, 0x0000000100000000)
  eden space 15872K, 100% used [0x00000000eaa80000,0x00000000eba00000,0x00000000eba00000)
  from space 2560K, 99% used [0x00000000ebc80000,0x00000000ebefaac8,0x00000000ebf00000)
  to   space 2560K, 0% used [0x00000000eba00000,0x00000000eba00000,0x00000000ebc80000)
 ParOldGen       total 41472K, used 1475K [0x00000000c0000000, 0x00000000c2880000, 0x00000000eaa80000)
  object space 41472K, 3% used [0x00000000c0000000,0x00000000c0170d30,0x00000000c2880000)
 PSPermGen       total 21504K, used 5764K [0x00000000bae00000, 0x00000000bc300000, 0x00000000c0000000)
  object space 21504K, 26% used [0x00000000bae00000,0x00000000bb3a12e8,0x00000000bc300000)
Event: 5,076 GC heap after
Heap after GC invocations=3 (full 0):
 PSYoungGen      total 18432K, used 2544K [0x00000000eaa80000, 0x00000000ece80000, 0x0000000100000000)
  eden space 15872K, 0% used [0x00000000eaa80000,0x00000000eaa80000,0x00000000eba00000)
  from space 2560K, 99% used [0x00000000eba00000,0x00000000ebc7c038,0x00000000ebc80000)
  to   space 2560K, 0% used [0x00000000ecc00000,0x00000000ecc00000,0x00000000ece80000)
 ParOldGen       total 41472K, used 4149K [0x00000000c0000000, 0x00000000c2880000, 0x00000000eaa80000)
  object space 41472K, 10% used [0x00000000c0000000,0x00000000c040d7b0,0x00000000c2880000)
 PSPermGen       total 21504K, used 5764K [0x00000000bae00000, 0x00000000bc300000, 0x00000000c0000000)
  object space 21504K, 26% used [0x00000000bae00000,0x00000000bb3a12e8,0x00000000bc300000)
}
Event: 6,414 GC heap before
{Heap before GC invocations=4 (full 0):
 PSYoungGen      total 18432K, used 18416K [0x00000000eaa80000, 0x00000000ece80000, 0x0000000100000000)
  eden space 15872K, 100% used [0x00000000eaa80000,0x00000000eba00000,0x00000000eba00000)
  from space 2560K, 99% used [0x00000000eba00000,0x00000000ebc7c038,0x00000000ebc80000)
  to   space 2560K, 0% used [0x00000000ecc00000,0x00000000ecc00000,0x00000000ece80000)
 ParOldGen       total 41472K, used 4149K [0x00000000c0000000, 0x00000000c2880000, 0x00000000eaa80000)
  object space 41472K, 10% used [0x00000000c0000000,0x00000000c040d7b0,0x00000000c2880000)
 PSPermGen       total 21504K, used 5810K [0x00000000bae00000, 0x00000000bc300000, 0x00000000c0000000)
  object space 21504K, 27% used [0x00000000bae00000,0x00000000bb3acac0,0x00000000bc300000)
Event: 6,481 GC heap after
Heap after GC invocations=4 (full 0):
 PSYoungGen      total 34304K, used 2528K [0x00000000eaa80000, 0x00000000ece80000, 0x0000000100000000)
  eden space 31744K, 0% used [0x00000000eaa80000,0x00000000eaa80000,0x00000000ec980000)
  from space 2560K, 98% used [0x00000000ecc00000,0x00000000ece78028,0x00000000ece80000)
  to   space 2560K, 0% used [0x00000000ec980000,0x00000000ec980000,0x00000000ecc00000)
 ParOldGen       total 41472K, used 6575K [0x00000000c0000000, 0x00000000c2880000, 0x00000000eaa80000)
  object space 41472K, 15% used [0x00000000c0000000,0x00000000c066bc38,0x00000000c2880000)
 PSPermGen       total 21504K, used 5810K [0x00000000bae00000, 0x00000000bc300000, 0x00000000c0000000)
  object space 21504K, 27% used [0x00000000bae00000,0x00000000bb3acac0,0x00000000bc300000)
}
Event: 9,396 GC heap before
{Heap before GC invocations=5 (full 0):
 PSYoungGen      total 34304K, used 34272K [0x00000000eaa80000, 0x00000000ece80000, 0x0000000100000000)
  eden space 31744K, 100% used [0x00000000eaa80000,0x00000000ec980000,0x00000000ec980000)
  from space 2560K, 98% used [0x00000000ecc00000,0x00000000ece78028,0x00000000ece80000)
  to   space 2560K, 0% used [0x00000000ec980000,0x00000000ec980000,0x00000000ecc00000)
 ParOldGen       total 41472K, used 6575K [0x00000000c0000000, 0x00000000c2880000, 0x00000000eaa80000)
  object space 41472K, 15% used [0x00000000c0000000,0x00000000c066bc38,0x00000000c2880000)
 PSPermGen       total 21504K, used 5837K [0x00000000bae00000, 0x00000000bc300000, 0x00000000c0000000)
  object space 21504K, 27% used [0x00000000bae00000,0x00000000bb3b35f8,0x00000000bc300000)
Event: 9,573 GC heap after
Heap after GC invocations=5 (full 0):
 PSYoungGen      total 34304K, used 2528K [0x00000000eaa80000, 0x00000000efb80000, 0x0000000100000000)
  eden space 31744K, 0% used [0x00000000eaa80000,0x00000000eaa80000,0x00000000ec980000)
  from space 2560K, 98% used [0x00000000ec980000,0x00000000ecbf8028,0x00000000ecc00000)
  to   space 9728K, 0% used [0x00000000ef200000,0x00000000ef200000,0x00000000efb80000)
 ParOldGen       total 41472K, used 12002K [0x00000000c0000000, 0x00000000c2880000, 0x00000000eaa80000)
  object space 41472K, 28% used [0x00000000c0000000,0x00000000c0bb8868,0x00000000c2880000)
 PSPermGen       total 21504K, used 5837K [0x00000000bae00000, 0x00000000bc300000, 0x00000000c0000000)
  object space 21504K, 27% used [0x00000000bae00000,0x00000000bb3b35f8,0x00000000bc300000)
}
Event: 11,990 GC heap before
{Heap before GC invocations=6 (full 0):
 PSYoungGen      total 34304K, used 34272K [0x00000000eaa80000, 0x00000000efb80000, 0x0000000100000000)
  eden space 31744K, 100% used [0x00000000eaa80000,0x00000000ec980000,0x00000000ec980000)
  from space 2560K, 98% used [0x00000000ec980000,0x00000000ecbf8028,0x00000000ecc00000)
  to   space 9728K, 0% used [0x00000000ef200000,0x00000000ef200000,0x00000000efb80000)
 ParOldGen       total 41472K, used 12002K [0x00000000c0000000, 0x00000000c2880000, 0x00000000eaa80000)
  object space 41472K, 28% used [0x00000000c0000000,0x00000000c0bb8868,0x00000000c2880000)
 PSPermGen       total 21504K, used 5867K [0x00000000bae00000, 0x00000000bc300000, 0x00000000c0000000)
  object space 21504K, 27% used [0x00000000bae00000,0x00000000bb3baeb8,0x00000000bc300000)
Event: 12,141 GC heap after
Heap after GC invocations=6 (full 0):
 PSYoungGen      total 72192K, used 7794K [0x00000000eaa80000, 0x00000000efd80000, 0x0000000100000000)
  eden space 62464K, 0% used [0x00000000eaa80000,0x00000000eaa80000,0x00000000ee780000)
  from space 9728K, 80% used [0x00000000ef200000,0x00000000ef99ca98,0x00000000efb80000)
  to   space 10752K, 0% used [0x00000000ee780000,0x00000000ee780000,0x00000000ef200000)
 ParOldGen       total 41472K, used 12002K [0x00000000c0000000, 0x00000000c2880000, 0x00000000eaa80000)
  object space 41472K, 28% used [0x00000000c0000000,0x00000000c0bb8868,0x00000000c2880000)
 PSPermGen       total 21504K, used 5867K [0x00000000bae00000, 0x00000000bc300000, 0x00000000c0000000)
  object space 21504K, 27% used [0x00000000bae00000,0x00000000bb3baeb8,0x00000000bc300000)
}
Event: 16,923 GC heap before
{Heap before GC invocations=7 (full 0):
 PSYoungGen      total 72192K, used 70258K [0x00000000eaa80000, 0x00000000efd80000, 0x0000000100000000)
  eden space 62464K, 100% used [0x00000000eaa80000,0x00000000ee780000,0x00000000ee780000)
  from space 9728K, 80% used [0x00000000ef200000,0x00000000ef99ca98,0x00000000efb80000)
  to   space 10752K, 0% used [0x00000000ee780000,0x00000000ee780000,0x00000000ef200000)
 ParOldGen       total 41472K, used 12002K [0x00000000c0000000, 0x00000000c2880000, 0x00000000eaa80000)
  object space 41472K, 28% used [0x00000000c0000000,0x00000000c0bb8868,0x00000000c2880000)
 PSPermGen       total 21504K, used 5917K [0x00000000bae00000, 0x00000000bc300000, 0x00000000c0000000)
  object space 21504K, 27% used [0x00000000bae00000,0x00000000bb3c76a0,0x00000000bc300000)

Deoptimization events (4 events):
Event: 2,891 Thread 0x00007f091400a000 Uncommon trap: reason=null_check action=make_not_entrant pc=0x00007f09108377d4 method=com.android.dx.rop.code.LocalItem.equals(Ljava/lang/Object;)Z @ 1
Event: 7,449 Thread 0x00007f0914174800 Uncommon trap: reason=null_check action=make_not_entrant pc=0x00007f091084ccc0 method=com.android.dx.rop.type.Type.equals(Ljava/lang/Object;)Z @ 8
Event: 8,969 Thread 0x00007f0914171800 Uncommon trap: reason=unreached action=reinterpret pc=0x00007f0910871638 method=com.android.dx.ssa.SsaConverter.placePhiFunctions(Lcom/android/dx/ssa/SsaMethod;Lcom/android/dx/ssa/LocalVariableInfo;I)V @ 327
Event: 12,206 Thread 0x00007f0914174800 Uncommon trap: reason=unreached action=reinterpret pc=0x00007f09108ab518 method=com.android.dx.ssa.SCCP.simulateBranch(Lcom/android/dx/ssa/SsaInsn;)V @ 334

Internal exceptions (10 events):
Event: 2,221 Thread 0x00007f091416e000 Threw 0x00000000eafdaa40 at /HUDSON/workspace/7u-2-build-linux-amd64/jdk7u79/2331/hotspot/src/share/vm/prims/jvm.cpp:1304
Event: 2,232 Thread 0x00007f0914174800 Threw 0x00000000eb1247b8 at /HUDSON/workspace/7u-2-build-linux-amd64/jdk7u79/2331/hotspot/src/share/vm/prims/jvm.cpp:1304
Event: 2,389 Thread 0x00007f091416e000 Threw 0x00000000eb374c50 at /HUDSON/workspace/7u-2-build-linux-amd64/jdk7u79/2331/hotspot/src/share/vm/prims/jvm.cpp:1304
Event: 2,440 Thread 0x00007f0914174800 Threw 0x00000000eb2a8690 at /HUDSON/workspace/7u-2-build-linux-amd64/jdk7u79/2331/hotspot/src/share/vm/prims/jvm.cpp:1304
Event: 2,465 Thread 0x00007f0914176000 Threw 0x00000000eb27ec50 at /HUDSON/workspace/7u-2-build-linux-amd64/jdk7u79/2331/hotspot/src/share/vm/prims/jvm.cpp:1304
Event: 2,891 Thread 0x00007f091400a000 Implicit null exception at 0x00007f09108374f5 to 0x00007f09108377b9
Event: 3,793 Thread 0x00007f0914171800 Threw 0x00000000eafe7ed0 at /HUDSON/workspace/7u-2-build-linux-amd64/jdk7u79/2331/hotspot/src/share/vm/prims/jvm.cpp:1304
Event: 4,177 Thread 0x00007f091400a000 Threw 0x00000000eb2113a0 at /HUDSON/workspace/7u-2-build-linux-amd64/jdk7u79/2331/hotspot/src/share/vm/prims/jvm.cpp:1304
Event: 7,449 Thread 0x00007f0914174800 Implicit null exception at 0x00007f091084cc12 to 0x00007f091084ccb2
Event: 10,685 Thread 0x00007f0914174800 Threw 0x00000000eb888548 at /HUDSON/workspace/7u-2-build-linux-amd64/jdk7u79/2331/hotspot/src/share/vm/prims/jvm.cpp:1304

Events (10 events):
Event: 12,162 Executing VM operation: RevokeBias done
Event: 12,162 Executing VM operation: RevokeBias
Event: 12,162 Executing VM operation: RevokeBias done
Event: 12,162 Executing VM operation: BulkRevokeBias
Event: 12,162 Executing VM operation: BulkRevokeBias done
Event: 12,206 Thread 0x00007f0914174800 Uncommon trap: trap_request=0xffffffad fr.pc=0x00007f09108ab518
Event: 12,206 Thread 0x00007f0914174800 DEOPT PACKING pc=0x00007f09108ab518 sp=0x00007f08e7ae3d50
Event: 12,206 Thread 0x00007f0914174800 DEOPT UNPACKING pc=0x00007f09107eb045 sp=0x00007f08e7ae3d08 mode 2
Event: 15,541 Thread 0x00007f0914092000 flushing nmethod 0x00007f0910837150
Event: 16,831 Executing VM operation: ParallelGCFailedAllocation


Dynamic libraries:
00400000-00401000 r-xp 00000000 08:05 2901756                            /home/svilupposw/jdk1.7.0_79/bin/java
00600000-00601000 rw-p 00000000 08:05 2901756                            /home/svilupposw/jdk1.7.0_79/bin/java
018fb000-01942000 rw-p 00000000 00:00 0                                  [heap]
bae00000-bc300000 rw-p 00000000 00:00 0 
bc300000-c0000000 rw-p 00000000 00:00 0 
c0000000-c2880000 rw-p 00000000 00:00 0 
c2880000-eaa80000 rw-p 00000000 00:00 0 
eaa80000-efd80000 rw-p 00000000 00:00 0 
f4380000-100000000 rw-p 00000000 00:00 0 
7f08cc000000-7f08cc025000 rw-p 00000000 00:00 0 
7f08cc025000-7f08d0000000 ---p 00000000 00:00 0 
7f08d4000000-7f08d4021000 rw-p 00000000 00:00 0 
7f08d4021000-7f08d8000000 ---p 00000000 00:00 0 
7f08d8000000-7f08d8021000 rw-p 00000000 00:00 0 
7f08d8021000-7f08dc000000 ---p 00000000 00:00 0 
7f08dc000000-7f08dc029000 rw-p 00000000 00:00 0 
7f08dc029000-7f08e0000000 ---p 00000000 00:00 0 
7f08e0000000-7f08e0021000 rw-p 00000000 00:00 0 
7f08e0021000-7f08e4000000 ---p 00000000 00:00 0 
7f08e78e4000-7f08e78e7000 ---p 00000000 00:00 0 
7f08e78e7000-7f08e79e5000 rw-p 00000000 00:00 0 
7f08e79e5000-7f08e79e8000 ---p 00000000 00:00 0 
7f08e79e8000-7f08e7ae6000 rw-p 00000000 00:00 0 
7f08e7ae6000-7f08e7ae9000 ---p 00000000 00:00 0 
7f08e7ae9000-7f08e7be7000 rw-p 00000000 00:00 0 
7f08e7be7000-7f08e7bea000 ---p 00000000 00:00 0 
7f08e7bea000-7f08e7ce8000 rw-p 00000000 00:00 0 
7f08e7ce8000-7f08e7ceb000 ---p 00000000 00:00 0 
7f08e7ceb000-7f08e7de9000 rw-p 00000000 00:00 0 
7f08e7de9000-7f08e7dff000 r-xp 00000000 08:05 2640856                    /home/svilupposw/jdk1.7.0_79/jre/lib/amd64/libnet.so
7f08e7dff000-7f08e7fff000 ---p 00016000 08:05 2640856                    /home/svilupposw/jdk1.7.0_79/jre/lib/amd64/libnet.so
7f08e7fff000-7f08e8000000 rw-p 00016000 08:05 2640856                    /home/svilupposw/jdk1.7.0_79/jre/lib/amd64/libnet.so
7f08e8000000-7f08e8f00000 rw-p 00000000 00:00 0 
7f08e8f00000-7f08ec000000 ---p 00000000 00:00 0 
7f08ec000000-7f08ec021000 rw-p 00000000 00:00 0 
7f08ec021000-7f08f0000000 ---p 00000000 00:00 0 
7f08f0000000-7f08f0021000 rw-p 00000000 00:00 0 
7f08f0021000-7f08f4000000 ---p 00000000 00:00 0 
7f08f4000000-7f08f55be000 rw-p 00000000 00:00 0 
7f08f55be000-7f08f8000000 ---p 00000000 00:00 0 
7f08f8000000-7f08f8021000 rw-p 00000000 00:00 0 
7f08f8021000-7f08fc000000 ---p 00000000 00:00 0 
7f08fc000000-7f08fc021000 rw-p 00000000 00:00 0 
7f08fc021000-7f0900000000 ---p 00000000 00:00 0 
7f0900000000-7f0900021000 rw-p 00000000 00:00 0 
7f0900021000-7f0904000000 ---p 00000000 00:00 0 
7f0904000000-7f090425a000 rw-p 00000000 00:00 0 
7f090425a000-7f0908000000 ---p 00000000 00:00 0 
7f0908000000-7f0908021000 rw-p 00000000 00:00 0 
7f0908021000-7f090c000000 ---p 00000000 00:00 0 
7f090c0a6000-7f090c0ca000 r--p 00000000 08:05 2883832                    /usr/share/locale-langpack/it/LC_MESSAGES/libc.mo
7f090c0ca000-7f090c0da000 r-xp 00000000 08:05 2640822                    /home/svilupposw/jdk1.7.0_79/jre/lib/amd64/libnio.so
7f090c0da000-7f090c2da000 ---p 00010000 08:05 2640822                    /home/svilupposw/jdk1.7.0_79/jre/lib/amd64/libnio.so
7f090c2da000-7f090c2db000 rw-p 00010000 08:05 2640822                    /home/svilupposw/jdk1.7.0_79/jre/lib/amd64/libnio.so
7f090c2db000-7f090c2dc000 ---p 00000000 00:00 0 
7f090c2dc000-7f090c3dc000 rw-p 00000000 00:00 0 
7f090c3dc000-7f090c3df000 ---p 00000000 00:00 0 
7f090c3df000-7f090c4dd000 rw-p 00000000 00:00 0 
7f090c4dd000-7f090c4e0000 ---p 00000000 00:00 0 
7f090c4e0000-7f090c5de000 rw-p 00000000 00:00 0 
7f090c5de000-7f090c5e1000 ---p 00000000 00:00 0 
7f090c5e1000-7f090c6df000 rw-p 00000000 00:00 0 
7f090c6df000-7f090c6e2000 ---p 00000000 00:00 0 
7f090c6e2000-7f090c7e0000 rw-p 00000000 00:00 0 
7f090c7e0000-7f090cec9000 r--p 00000000 08:05 2497068                    /usr/lib/locale/locale-archive
7f090cec9000-7f090cecc000 ---p 00000000 00:00 0 
7f090cecc000-7f090cfca000 rw-p 00000000 00:00 0 
7f090cfca000-7f090cfcd000 ---p 00000000 00:00 0 
7f090cfcd000-7f090d0cb000 rw-p 00000000 00:00 0 
7f090d0cb000-7f090d0cc000 ---p 00000000 00:00 0 
7f090d0cc000-7f090db41000 rw-p 00000000 00:00 0 
7f090db41000-7f090dd01000 r--s 039f7000 08:05 2641074                    /home/svilupposw/jdk1.7.0_79/jre/lib/rt.jar
7f090dd01000-7f0910230000 rw-p 00000000 00:00 0 
7f0910230000-7f0910231000 ---p 00000000 00:00 0 
7f0910231000-7f0910331000 rw-p 00000000 00:00 0 
7f0910331000-7f0910332000 ---p 00000000 00:00 0 
7f0910332000-7f0910447000 rw-p 00000000 00:00 0 
7f0910447000-7f0910588000 rw-p 00000000 00:00 0 
7f0910588000-7f0910593000 rw-p 00000000 00:00 0 
7f0910593000-7f09105b1000 rw-p 00000000 00:00 0 
7f09105b1000-7f09105c6000 rw-p 00000000 00:00 0 
7f09105c6000-7f0910706000 rw-p 00000000 00:00 0 
7f0910706000-7f0910730000 rw-p 00000000 00:00 0 
7f0910730000-7f09107b1000 rw-p 00000000 00:00 0 
7f09107b1000-7f09107b2000 rw-p 00000000 00:00 0 
7f09107b2000-7f0910a22000 rwxp 00000000 00:00 0 
7f0910a22000-7f09137b2000 rw-p 00000000 00:00 0 
7f09137b2000-7f09137cc000 r-xp 00000000 08:05 2640851                    /home/svilupposw/jdk1.7.0_79/jre/lib/amd64/libzip.so
7f09137cc000-7f09139cc000 ---p 0001a000 08:05 2640851                    /home/svilupposw/jdk1.7.0_79/jre/lib/amd64/libzip.so
7f09139cc000-7f09139cd000 rw-p 0001a000 08:05 2640851                    /home/svilupposw/jdk1.7.0_79/jre/lib/amd64/libzip.so
7f09139cd000-7f09139d9000 r-xp 00000000 08:05 5642893                    /lib/x86_64-linux-gnu/libnss_files-2.15.so
7f09139d9000-7f0913bd8000 ---p 0000c000 08:05 5642893                    /lib/x86_64-linux-gnu/libnss_files-2.15.so
7f0913bd8000-7f0913bd9000 r--p 0000b000 08:05 5642893                    /lib/x86_64-linux-gnu/libnss_files-2.15.so
7f0913bd9000-7f0913bda000 rw-p 0000c000 08:05 5642893                    /lib/x86_64-linux-gnu/libnss_files-2.15.so
7f0913bda000-7f0913be4000 r-xp 00000000 08:05 5639716                    /lib/x86_64-linux-gnu/libnss_nis-2.15.so
7f0913be4000-7f0913de4000 ---p 0000a000 08:05 5639716                    /lib/x86_64-linux-gnu/libnss_nis-2.15.so
7f0913de4000-7f0913de5000 r--p 0000a000 08:05 5639716                    /lib/x86_64-linux-gnu/libnss_nis-2.15.so
7f0913de5000-7f0913de6000 rw-p 0000b000 08:05 5639716                    /lib/x86_64-linux-gnu/libnss_nis-2.15.so
7f0913de6000-7f0913dfd000 r-xp 00000000 08:05 5642887                    /lib/x86_64-linux-gnu/libnsl-2.15.so
7f0913dfd000-7f0913ffc000 ---p 00017000 08:05 5642887                    /lib/x86_64-linux-gnu/libnsl-2.15.so
7f0913ffc000-7f0913ffd000 r--p 00016000 08:05 5642887                    /lib/x86_64-linux-gnu/libnsl-2.15.so
7f0913ffd000-7f0913ffe000 rw-p 00017000 08:05 5642887                    /lib/x86_64-linux-gnu/libnsl-2.15.so
7f0913ffe000-7f0914000000 rw-p 00000000 00:00 0 
7f0914000000-7f09141d6000 rw-p 00000000 00:00 0 
7f09141d6000-7f0918000000 ---p 00000000 00:00 0 
7f0918004000-7f0918005000 rw-p 00000000 00:00 0 
7f0918005000-7f091800c000 r--s 00000000 08:05 2761416                    /usr/lib/x86_64-linux-gnu/gconv/gconv-modules.cache
7f091800c000-7f0918020000 r--s 000c0000 08:05 5257445                    /home/svilupposw/AndroidStudioProjects/LoginScreen/app/build/intermediates/exploded-aar/com.google.android.gms/play-services-basement/8.1.0/jars/classes.jar
7f0918020000-7f09180f0000 rw-p 00000000 00:00 0 
7f09180f0000-7f091810e000 rw-p 00000000 00:00 0 
7f091810e000-7f0918116000 r-xp 00000000 08:05 5642892                    /lib/x86_64-linux-gnu/libnss_compat-2.15.so
7f0918116000-7f0918315000 ---p 00008000 08:05 5642892                    /lib/x86_64-linux-gnu/libnss_compat-2.15.so
7f0918315000-7f0918316000 r--p 00007000 08:05 5642892                    /lib/x86_64-linux-gnu/libnss_compat-2.15.so
7f0918316000-7f0918317000 rw-p 00008000 08:05 5642892                    /lib/x86_64-linux-gnu/libnss_compat-2.15.so
7f0918317000-7f0918340000 r-xp 00000000 08:05 2640817                    /home/svilupposw/jdk1.7.0_79/jre/lib/amd64/libjava.so
7f0918340000-7f0918540000 ---p 00029000 08:05 2640817                    /home/svilupposw/jdk1.7.0_79/jre/lib/amd64/libjava.so
7f0918540000-7f0918542000 rw-p 00029000 08:05 2640817                    /home/svilupposw/jdk1.7.0_79/jre/lib/amd64/libjava.so
7f0918542000-7f091854f000 r-xp 00000000 08:05 2640844                    /home/svilupposw/jdk1.7.0_79/jre/lib/amd64/libverify.so
7f091854f000-7f091874e000 ---p 0000d000 08:05 2640844                    /home/svilupposw/jdk1.7.0_79/jre/lib/amd64/libverify.so
7f091874e000-7f0918750000 rw-p 0000c000 08:05 2640844                    /home/svilupposw/jdk1.7.0_79/jre/lib/amd64/libverify.so
7f0918750000-7f0918757000 r-xp 00000000 08:05 5642880                    /lib/x86_64-linux-gnu/librt-2.15.so
7f0918757000-7f0918956000 ---p 00007000 08:05 5642880                    /lib/x86_64-linux-gnu/librt-2.15.so
7f0918956000-7f0918957000 r--p 00006000 08:05 5642880                    /lib/x86_64-linux-gnu/librt-2.15.so
7f0918957000-7f0918958000 rw-p 00007000 08:05 5642880                    /lib/x86_64-linux-gnu/librt-2.15.so
7f0918958000-7f0918a53000 r-xp 00000000 08:05 5642894                    /lib/x86_64-linux-gnu/libm-2.15.so
7f0918a53000-7f0918c52000 ---p 000fb000 08:05 5642894                    /lib/x86_64-linux-gnu/libm-2.15.so
7f0918c52000-7f0918c53000 r--p 000fa000 08:05 5642894                    /lib/x86_64-linux-gnu/libm-2.15.so
7f0918c53000-7f0918c54000 rw-p 000fb000 08:05 5642894                    /lib/x86_64-linux-gnu/libm-2.15.so
7f0918c54000-7f09197c9000 r-xp 00000000 08:05 2640871                    /home/svilupposw/jdk1.7.0_79/jre/lib/amd64/server/libjvm.so
7f09197c9000-7f09199c9000 ---p 00b75000 08:05 2640871                    /home/svilupposw/jdk1.7.0_79/jre/lib/amd64/server/libjvm.so
7f09199c9000-7f0919a8d000 rw-p 00b75000 08:05 2640871                    /home/svilupposw/jdk1.7.0_79/jre/lib/amd64/server/libjvm.so
7f0919a8d000-7f0919ace000 rw-p 00000000 00:00 0 
7f0919ace000-7f0919c82000 r-xp 00000000 08:05 5642885                    /lib/x86_64-linux-gnu/libc-2.15.so
7f0919c82000-7f0919e81000 ---p 001b4000 08:05 5642885                    /lib/x86_64-linux-gnu/libc-2.15.so
7f0919e81000-7f0919e85000 r--p 001b3000 08:05 5642885                    /lib/x86_64-linux-gnu/libc-2.15.so
7f0919e85000-7f0919e87000 rw-p 001b7000 08:05 5642885                    /lib/x86_64-linux-gnu/libc-2.15.so
7f0919e87000-7f0919e8c000 rw-p 00000000 00:00 0 
7f0919e8c000-7f0919e8e000 r-xp 00000000 08:05 5637002                    /lib/x86_64-linux-gnu/libdl-2.15.so
7f0919e8e000-7f091a08e000 ---p 00002000 08:05 5637002                    /lib/x86_64-linux-gnu/libdl-2.15.so
7f091a08e000-7f091a08f000 r--p 00002000 08:05 5637002                    /lib/x86_64-linux-gnu/libdl-2.15.so
7f091a08f000-7f091a090000 rw-p 00003000 08:05 5637002                    /lib/x86_64-linux-gnu/libdl-2.15.so
7f091a090000-7f091a0a6000 r-xp 00000000 08:05 2901117                    /home/svilupposw/jdk1.7.0_79/lib/amd64/jli/libjli.so
7f091a0a6000-7f091a2a6000 ---p 00016000 08:05 2901117                    /home/svilupposw/jdk1.7.0_79/lib/amd64/jli/libjli.so
7f091a2a6000-7f091a2a7000 rw-p 00016000 08:05 2901117                    /home/svilupposw/jdk1.7.0_79/lib/amd64/jli/libjli.so
7f091a2a7000-7f091a2bf000 r-xp 00000000 08:05 5642888                    /lib/x86_64-linux-gnu/libpthread-2.15.so
7f091a2bf000-7f091a4be000 ---p 00018000 08:05 5642888                    /lib/x86_64-linux-gnu/libpthread-2.15.so
7f091a4be000-7f091a4bf000 r--p 00017000 08:05 5642888                    /lib/x86_64-linux-gnu/libpthread-2.15.so
7f091a4bf000-7f091a4c0000 rw-p 00018000 08:05 5642888                    /lib/x86_64-linux-gnu/libpthread-2.15.so
7f091a4c0000-7f091a4c4000 rw-p 00000000 00:00 0 
7f091a4c4000-7f091a4e6000 r-xp 00000000 08:05 5642891                    /lib/x86_64-linux-gnu/ld-2.15.so
7f091a4eb000-7f091a50b000 rw-p 00000000 00:00 0 
7f091a50b000-7f091a5c1000 rw-p 00000000 00:00 0 
7f091a5c1000-7f091a5c4000 ---p 00000000 00:00 0 
7f091a5c4000-7f091a6c6000 rw-p 00000000 00:00 0 
7f091a6cb000-7f091a6da000 r--s 000df000 08:05 3696931                    /home/svilupposw/Android/Sdk/build-tools/23.0.2/lib/dx.jar
7f091a6da000-7f091a6e2000 rw-s 00000000 08:05 4334239                    /tmp/hsperfdata_svilupposw/11146
7f091a6e2000-7f091a6e3000 rw-p 00000000 00:00 0 
7f091a6e3000-7f091a6e4000 ---p 00000000 00:00 0 
7f091a6e4000-7f091a6e6000 rw-p 00000000 00:00 0 
7f091a6e6000-7f091a6e7000 r--p 00022000 08:05 5642891                    /lib/x86_64-linux-gnu/ld-2.15.so
7f091a6e7000-7f091a6e9000 rw-p 00023000 08:05 5642891                    /lib/x86_64-linux-gnu/ld-2.15.so
7ffcfd179000-7ffcfd19a000 rw-p 00000000 00:00 0                          [stack]
7ffcfd1fc000-7ffcfd1fd000 r-xp 00000000 00:00 0                          [vdso]
ffffffffff600000-ffffffffff601000 r-xp 00000000 00:00 0                  [vsyscall]

VM Arguments:
jvm_args: -Djava.awt.headless=true -Xmx1024M -Dfile.encoding=UTF-8 -Duser.country=IT -Duser.language=it -Duser.variant 
java_command: com.android.dx.command.Main --dex --num-threads=4 --output /home/svilupposw/AndroidStudioProjects/LoginScreen/app/build/intermediates/pre-dexed/debug/com.google.android.gms-play-services-basement-8.1.0_8d9b5031a928952f4da8b847960adf37f4f5a03f.jar /home/svilupposw/AndroidStudioProjects/LoginScreen/app/build/intermediates/exploded-aar/com.google.android.gms/play-services-basement/8.1.0/jars/classes.jar
Launcher Type: SUN_STANDARD

Environment Variables:
PATH=/home/svilupposw/jdk1.7.0_79/bin:/usr/lib/lightdm/lightdm:/usr/local/sbin:/usr/local/bin:/usr/sbin:/usr/bin:/sbin:/bin:/usr/games:/home/svilupposw/Scrivania/utils
LD_LIBRARY_PATH=./android-studio/bin:
SHELL=/bin/bash
DISPLAY=:0

Signal Handlers:
SIGSEGV: [libjvm.so+0x9a3bf0], sa_mask[0]=0x7ffbfeff, sa_flags=0x10000004
SIGBUS: [libjvm.so+0x9a3bf0], sa_mask[0]=0x7ffbfeff, sa_flags=0x10000004
SIGFPE: [libjvm.so+0x81cb60], sa_mask[0]=0x7ffbfeff, sa_flags=0x10000004
SIGPIPE: [libjvm.so+0x81cb60], sa_mask[0]=0x7ffbfeff, sa_flags=0x10000004
SIGXFSZ: [libjvm.so+0x81cb60], sa_mask[0]=0x7ffbfeff, sa_flags=0x10000004
SIGILL: [libjvm.so+0x81cb60], sa_mask[0]=0x7ffbfeff, sa_flags=0x10000004
SIGUSR1: SIG_DFL, sa_mask[0]=0x00000000, sa_flags=0x00000000
SIGUSR2: [libjvm.so+0x81e360], sa_mask[0]=0x00000004, sa_flags=0x10000004
SIGHUP: [libjvm.so+0x81f480], sa_mask[0]=0x7ffbfeff, sa_flags=0x10000004
SIGINT: [libjvm.so+0x81f480], sa_mask[0]=0x7ffbfeff, sa_flags=0x10000004
SIGTERM: [libjvm.so+0x81f480], sa_mask[0]=0x7ffbfeff, sa_flags=0x10000004
SIGQUIT: [libjvm.so+0x81f480], sa_mask[0]=0x7ffbfeff, sa_flags=0x10000004


---------------  S Y S T E M  ---------------

OS:wheezy/sid

uname:Linux 3.2.0-99-generic #139-Ubuntu SMP Mon Feb 1 23:16:15 UTC 2016 x86_64
libc:glibc 2.15 NPTL 2.15 
rlimit: STACK 8192k, CORE 0k, NPROC 31224, NOFILE 4096, AS infinity
load average:10,37 3,61 1,84

/proc/meminfo:
MemTotal:        4014368 kB
MemFree:           99632 kB
Buffers:             268 kB
Cached:           300688 kB
SwapCached:            0 kB
Active:          3440472 kB
Inactive:         270708 kB
Active(anon):    3434512 kB
Inactive(anon):   263620 kB
Active(file):       5960 kB
Inactive(file):     7088 kB
Unevictable:           0 kB
Mlocked:               0 kB
SwapTotal:             0 kB
SwapFree:              0 kB
Dirty:                76 kB
Writeback:            28 kB
AnonPages:       3410304 kB
Mapped:            22704 kB
Shmem:            287828 kB
Slab:              69916 kB
SReclaimable:      23484 kB
SUnreclaim:        46432 kB
KernelStack:        4296 kB
PageTables:        32832 kB
NFS_Unstable:          0 kB
Bounce:                0 kB
WritebackTmp:          0 kB
CommitLimit:     2007184 kB
Committed_AS:    7090232 kB
VmallocTotal:   34359738367 kB
VmallocUsed:      359832 kB
VmallocChunk:   34359350288 kB
HardwareCorrupted:     0 kB
AnonHugePages:         0 kB
HugePages_Total:       0
HugePages_Free:        0
HugePages_Rsvd:        0
HugePages_Surp:        0
Hugepagesize:       2048 kB
DirectMap4k:       52800 kB
DirectMap2M:     4106240 kB


CPU:total 2 (2 cores per cpu, 1 threads per core) family 6 model 23 stepping 10, cmov, cx8, fxsr, mmx, sse, sse2, sse3, ssse3, tsc

/proc/cpuinfo:
processor	: 0
vendor_id	: GenuineIntel
cpu family	: 6
model		: 23
model name	: Pentium(R) Dual-Core  CPU      E5400  @ 2.70GHz
stepping	: 10
microcode	: 0xa07
cpu MHz		: 1603.000
cache size	: 2048 KB
physical id	: 0
siblings	: 2
core id		: 0
cpu cores	: 2
apicid		: 0
initial apicid	: 0
fpu		: yes
fpu_exception	: yes
cpuid level	: 13
wp		: yes
flags		: fpu vme de pse tsc msr pae mce cx8 apic sep mtrr pge mca cmov pat pse36 clflush dts acpi mmx fxsr sse sse2 ss ht tm pbe syscall nx lm constant_tsc arch_perfmon pebs bts rep_good nopl aperfmperf pni dtes64 monitor ds_cpl vmx est tm2 ssse3 cx16 xtpr pdcm xsave lahf_lm dtherm tpr_shadow vnmi flexpriority
bogomips	: 5386.56
clflush size	: 64
cache_alignment	: 64
address sizes	: 36 bits physical, 48 bits virtual
power management:

processor	: 1
vendor_id	: GenuineIntel
cpu family	: 6
model		: 23
model name	: Pentium(R) Dual-Core  CPU      E5400  @ 2.70GHz
stepping	: 10
microcode	: 0xa07
cpu MHz		: 1603.000
cache size	: 2048 KB
physical id	: 0
siblings	: 2
core id		: 1
cpu cores	: 2
apicid		: 1
initial apicid	: 1
fpu		: yes
fpu_exception	: yes
cpuid level	: 13
wp		: yes
flags		: fpu vme de pse tsc msr pae mce cx8 apic sep mtrr pge mca cmov pat pse36 clflush dts acpi mmx fxsr sse sse2 ss ht tm pbe syscall nx lm constant_tsc arch_perfmon pebs bts rep_good nopl aperfmperf pni dtes64 monitor ds_cpl vmx est tm2 ssse3 cx16 xtpr pdcm xsave lahf_lm dtherm tpr_shadow vnmi flexpriority
bogomips	: 5386.33
clflush size	: 64
cache_alignment	: 64
address sizes	: 36 bits physical, 48 bits virtual
power management:



Memory: 4k page, physical 4014368k(99632k free), swap 0k(0k free)

vm_info: Java HotSpot(TM) 64-Bit Server VM (24.79-b02) for linux-amd64 JRE (1.7.0_79-b15), built on Apr 10 2015 11:34:48 by "java_re" with gcc 4.3.0 20080428 (Red Hat 4.3.0-8)

time: Mon Mar 14 12:00:30 2016
elapsed time: 37 seconds

